This is pdfTeX, Version 3.14159265-2.6-1.40.18 (TeX Live 2017/Debian) (preloaded format=pdflatex 2020.1.24)  7 JAN 2021 16:31
entering extended mode
 restricted \write18 enabled.
 %&-line parsing enabled.
**main.tex
(./main.tex
LaTeX2e <2017-04-15>
Babel <3.18> and hyphenation patterns for 84 language(s) loaded.
(/usr/share/texlive/texmf-dist/tex/latex/base/book.cls
Document Class: book 2014/09/29 v1.4h Standard LaTeX document class
(/usr/share/texlive/texmf-dist/tex/latex/base/fleqn.clo
File: fleqn.clo 2016/12/29 v1.2a Standard LaTeX option (flush left equations)
\mathindent=\dimen102
Applying: [2015/01/01] Make \[ robust on input line 50.
LaTeX Info: Redefining \[ on input line 51.
Already applied: [0000/00/00] Make \[ robust on input line 62.
Applying: [2015/01/01] Make \] robust on input line 74.
LaTeX Info: Redefining \] on input line 75.
Already applied: [0000/00/00] Make \] robust on input line 83.
)
(/usr/share/texlive/texmf-dist/tex/latex/base/bk12.clo
File: bk12.clo 2014/09/29 v1.4h Standard LaTeX file (size option)
)
\c@part=\count79
\c@chapter=\count80
\c@section=\count81
\c@subsection=\count82
\c@subsubsection=\count83
\c@paragraph=\count84
\c@subparagraph=\count85
\c@figure=\count86
\c@table=\count87
\abovecaptionskip=\skip41
\belowcaptionskip=\skip42
\bibindent=\dimen103
)
(/usr/share/texlive/texmf-dist/tex/latex/lipsum/lipsum.sty
Package: lipsum 2014/07/27 v1.3 150 paragraphs of Lorem Ipsum dummy text
\c@lips@count=\count88
)
(/usr/share/texlive/texmf-dist/tex/latex/geometry/geometry.sty
Package: geometry 2010/09/12 v5.6 Page Geometry

(/usr/share/texlive/texmf-dist/tex/latex/graphics/keyval.sty
Package: keyval 2014/10/28 v1.15 key=value parser (DPC)
\KV@toks@=\toks14
)
(/usr/share/texlive/texmf-dist/tex/generic/oberdiek/ifpdf.sty
Package: ifpdf 2017/03/15 v3.2 Provides the ifpdf switch
)
(/usr/share/texlive/texmf-dist/tex/generic/oberdiek/ifvtex.sty
Package: ifvtex 2016/05/16 v1.6 Detect VTeX and its facilities (HO)
Package ifvtex Info: VTeX not detected.
)
(/usr/share/texlive/texmf-dist/tex/generic/ifxetex/ifxetex.sty
Package: ifxetex 2010/09/12 v0.6 Provides ifxetex conditional
)
\Gm@cnth=\count89
\Gm@cntv=\count90
\c@Gm@tempcnt=\count91
\Gm@bindingoffset=\dimen104
\Gm@wd@mp=\dimen105
\Gm@odd@mp=\dimen106
\Gm@even@mp=\dimen107
\Gm@layoutwidth=\dimen108
\Gm@layoutheight=\dimen109
\Gm@layouthoffset=\dimen110
\Gm@layoutvoffset=\dimen111
\Gm@dimlist=\toks15
)
(/usr/share/texlive/texmf-dist/tex/generic/babel/babel.sty
Package: babel 2018/02/14 3.18 The Babel package

(/usr/share/texlive/texmf-dist/tex/generic/babel/switch.def
File: switch.def 2018/02/14 3.18 Babel switching mechanism
)
(/usr/share/texlive/texmf-dist/tex/generic/babel-english/english.ldf
Language: english 2017/06/06 v3.3r English support from the babel system

(/usr/share/texlive/texmf-dist/tex/generic/babel/babel.def
File: babel.def 2018/02/14 3.18 Babel common definitions
\babel@savecnt=\count92
\U@D=\dimen112

(/usr/share/texlive/texmf-dist/tex/generic/babel/txtbabel.def)
\bbl@dirlevel=\count93
)
\l@canadian = a dialect from \language\l@american 
\l@australian = a dialect from \language\l@british 
\l@newzealand = a dialect from \language\l@british 
))
(/usr/share/texlive/texmf-dist/tex/latex/base/inputenc.sty
Package: inputenc 2015/03/17 v1.2c Input encoding file
\inpenc@prehook=\toks16
\inpenc@posthook=\toks17

(/usr/share/texlive/texmf-dist/tex/latex/base/utf8.def
File: utf8.def 2017/01/28 v1.1t UTF-8 support for inputenc
Now handling font encoding OML ...
... no UTF-8 mapping file for font encoding OML
Now handling font encoding T1 ...
... processing UTF-8 mapping file for font encoding T1

(/usr/share/texlive/texmf-dist/tex/latex/base/t1enc.dfu
File: t1enc.dfu 2017/01/28 v1.1t UTF-8 support for inputenc
   defining Unicode char U+00A0 (decimal 160)
   defining Unicode char U+00A1 (decimal 161)
   defining Unicode char U+00A3 (decimal 163)
   defining Unicode char U+00AB (decimal 171)
   defining Unicode char U+00AD (decimal 173)
   defining Unicode char U+00BB (decimal 187)
   defining Unicode char U+00BF (decimal 191)
   defining Unicode char U+00C0 (decimal 192)
   defining Unicode char U+00C1 (decimal 193)
   defining Unicode char U+00C2 (decimal 194)
   defining Unicode char U+00C3 (decimal 195)
   defining Unicode char U+00C4 (decimal 196)
   defining Unicode char U+00C5 (decimal 197)
   defining Unicode char U+00C6 (decimal 198)
   defining Unicode char U+00C7 (decimal 199)
   defining Unicode char U+00C8 (decimal 200)
   defining Unicode char U+00C9 (decimal 201)
   defining Unicode char U+00CA (decimal 202)
   defining Unicode char U+00CB (decimal 203)
   defining Unicode char U+00CC (decimal 204)
   defining Unicode char U+00CD (decimal 205)
   defining Unicode char U+00CE (decimal 206)
   defining Unicode char U+00CF (decimal 207)
   defining Unicode char U+00D0 (decimal 208)
   defining Unicode char U+00D1 (decimal 209)
   defining Unicode char U+00D2 (decimal 210)
   defining Unicode char U+00D3 (decimal 211)
   defining Unicode char U+00D4 (decimal 212)
   defining Unicode char U+00D5 (decimal 213)
   defining Unicode char U+00D6 (decimal 214)
   defining Unicode char U+00D8 (decimal 216)
   defining Unicode char U+00D9 (decimal 217)
   defining Unicode char U+00DA (decimal 218)
   defining Unicode char U+00DB (decimal 219)
   defining Unicode char U+00DC (decimal 220)
   defining Unicode char U+00DD (decimal 221)
   defining Unicode char U+00DE (decimal 222)
   defining Unicode char U+00DF (decimal 223)
   defining Unicode char U+00E0 (decimal 224)
   defining Unicode char U+00E1 (decimal 225)
   defining Unicode char U+00E2 (decimal 226)
   defining Unicode char U+00E3 (decimal 227)
   defining Unicode char U+00E4 (decimal 228)
   defining Unicode char U+00E5 (decimal 229)
   defining Unicode char U+00E6 (decimal 230)
   defining Unicode char U+00E7 (decimal 231)
   defining Unicode char U+00E8 (decimal 232)
   defining Unicode char U+00E9 (decimal 233)
   defining Unicode char U+00EA (decimal 234)
   defining Unicode char U+00EB (decimal 235)
   defining Unicode char U+00EC (decimal 236)
   defining Unicode char U+00ED (decimal 237)
   defining Unicode char U+00EE (decimal 238)
   defining Unicode char U+00EF (decimal 239)
   defining Unicode char U+00F0 (decimal 240)
   defining Unicode char U+00F1 (decimal 241)
   defining Unicode char U+00F2 (decimal 242)
   defining Unicode char U+00F3 (decimal 243)
   defining Unicode char U+00F4 (decimal 244)
   defining Unicode char U+00F5 (decimal 245)
   defining Unicode char U+00F6 (decimal 246)
   defining Unicode char U+00F8 (decimal 248)
   defining Unicode char U+00F9 (decimal 249)
   defining Unicode char U+00FA (decimal 250)
   defining Unicode char U+00FB (decimal 251)
   defining Unicode char U+00FC (decimal 252)
   defining Unicode char U+00FD (decimal 253)
   defining Unicode char U+00FE (decimal 254)
   defining Unicode char U+00FF (decimal 255)
   defining Unicode char U+0100 (decimal 256)
   defining Unicode char U+0101 (decimal 257)
   defining Unicode char U+0102 (decimal 258)
   defining Unicode char U+0103 (decimal 259)
   defining Unicode char U+0104 (decimal 260)
   defining Unicode char U+0105 (decimal 261)
   defining Unicode char U+0106 (decimal 262)
   defining Unicode char U+0107 (decimal 263)
   defining Unicode char U+0108 (decimal 264)
   defining Unicode char U+0109 (decimal 265)
   defining Unicode char U+010A (decimal 266)
   defining Unicode char U+010B (decimal 267)
   defining Unicode char U+010C (decimal 268)
   defining Unicode char U+010D (decimal 269)
   defining Unicode char U+010E (decimal 270)
   defining Unicode char U+010F (decimal 271)
   defining Unicode char U+0110 (decimal 272)
   defining Unicode char U+0111 (decimal 273)
   defining Unicode char U+0112 (decimal 274)
   defining Unicode char U+0113 (decimal 275)
   defining Unicode char U+0114 (decimal 276)
   defining Unicode char U+0115 (decimal 277)
   defining Unicode char U+0116 (decimal 278)
   defining Unicode char U+0117 (decimal 279)
   defining Unicode char U+0118 (decimal 280)
   defining Unicode char U+0119 (decimal 281)
   defining Unicode char U+011A (decimal 282)
   defining Unicode char U+011B (decimal 283)
   defining Unicode char U+011C (decimal 284)
   defining Unicode char U+011D (decimal 285)
   defining Unicode char U+011E (decimal 286)
   defining Unicode char U+011F (decimal 287)
   defining Unicode char U+0120 (decimal 288)
   defining Unicode char U+0121 (decimal 289)
   defining Unicode char U+0122 (decimal 290)
   defining Unicode char U+0123 (decimal 291)
   defining Unicode char U+0124 (decimal 292)
   defining Unicode char U+0125 (decimal 293)
   defining Unicode char U+0128 (decimal 296)
   defining Unicode char U+0129 (decimal 297)
   defining Unicode char U+012A (decimal 298)
   defining Unicode char U+012B (decimal 299)
   defining Unicode char U+012C (decimal 300)
   defining Unicode char U+012D (decimal 301)
   defining Unicode char U+012E (decimal 302)
   defining Unicode char U+012F (decimal 303)
   defining Unicode char U+0130 (decimal 304)
   defining Unicode char U+0131 (decimal 305)
   defining Unicode char U+0132 (decimal 306)
   defining Unicode char U+0133 (decimal 307)
   defining Unicode char U+0134 (decimal 308)
   defining Unicode char U+0135 (decimal 309)
   defining Unicode char U+0136 (decimal 310)
   defining Unicode char U+0137 (decimal 311)
   defining Unicode char U+0139 (decimal 313)
   defining Unicode char U+013A (decimal 314)
   defining Unicode char U+013B (decimal 315)
   defining Unicode char U+013C (decimal 316)
   defining Unicode char U+013D (decimal 317)
   defining Unicode char U+013E (decimal 318)
   defining Unicode char U+0141 (decimal 321)
   defining Unicode char U+0142 (decimal 322)
   defining Unicode char U+0143 (decimal 323)
   defining Unicode char U+0144 (decimal 324)
   defining Unicode char U+0145 (decimal 325)
   defining Unicode char U+0146 (decimal 326)
   defining Unicode char U+0147 (decimal 327)
   defining Unicode char U+0148 (decimal 328)
   defining Unicode char U+014A (decimal 330)
   defining Unicode char U+014B (decimal 331)
   defining Unicode char U+014C (decimal 332)
   defining Unicode char U+014D (decimal 333)
   defining Unicode char U+014E (decimal 334)
   defining Unicode char U+014F (decimal 335)
   defining Unicode char U+0150 (decimal 336)
   defining Unicode char U+0151 (decimal 337)
   defining Unicode char U+0152 (decimal 338)
   defining Unicode char U+0153 (decimal 339)
   defining Unicode char U+0154 (decimal 340)
   defining Unicode char U+0155 (decimal 341)
   defining Unicode char U+0156 (decimal 342)
   defining Unicode char U+0157 (decimal 343)
   defining Unicode char U+0158 (decimal 344)
   defining Unicode char U+0159 (decimal 345)
   defining Unicode char U+015A (decimal 346)
   defining Unicode char U+015B (decimal 347)
   defining Unicode char U+015C (decimal 348)
   defining Unicode char U+015D (decimal 349)
   defining Unicode char U+015E (decimal 350)
   defining Unicode char U+015F (decimal 351)
   defining Unicode char U+0160 (decimal 352)
   defining Unicode char U+0161 (decimal 353)
   defining Unicode char U+0162 (decimal 354)
   defining Unicode char U+0163 (decimal 355)
   defining Unicode char U+0164 (decimal 356)
   defining Unicode char U+0165 (decimal 357)
   defining Unicode char U+0168 (decimal 360)
   defining Unicode char U+0169 (decimal 361)
   defining Unicode char U+016A (decimal 362)
   defining Unicode char U+016B (decimal 363)
   defining Unicode char U+016C (decimal 364)
   defining Unicode char U+016D (decimal 365)
   defining Unicode char U+016E (decimal 366)
   defining Unicode char U+016F (decimal 367)
   defining Unicode char U+0170 (decimal 368)
   defining Unicode char U+0171 (decimal 369)
   defining Unicode char U+0172 (decimal 370)
   defining Unicode char U+0173 (decimal 371)
   defining Unicode char U+0174 (decimal 372)
   defining Unicode char U+0175 (decimal 373)
   defining Unicode char U+0176 (decimal 374)
   defining Unicode char U+0177 (decimal 375)
   defining Unicode char U+0178 (decimal 376)
   defining Unicode char U+0179 (decimal 377)
   defining Unicode char U+017A (decimal 378)
   defining Unicode char U+017B (decimal 379)
   defining Unicode char U+017C (decimal 380)
   defining Unicode char U+017D (decimal 381)
   defining Unicode char U+017E (decimal 382)
   defining Unicode char U+01CD (decimal 461)
   defining Unicode char U+01CE (decimal 462)
   defining Unicode char U+01CF (decimal 463)
   defining Unicode char U+01D0 (decimal 464)
   defining Unicode char U+01D1 (decimal 465)
   defining Unicode char U+01D2 (decimal 466)
   defining Unicode char U+01D3 (decimal 467)
   defining Unicode char U+01D4 (decimal 468)
   defining Unicode char U+01E2 (decimal 482)
   defining Unicode char U+01E3 (decimal 483)
   defining Unicode char U+01E6 (decimal 486)
   defining Unicode char U+01E7 (decimal 487)
   defining Unicode char U+01E8 (decimal 488)
   defining Unicode char U+01E9 (decimal 489)
   defining Unicode char U+01EA (decimal 490)
   defining Unicode char U+01EB (decimal 491)
   defining Unicode char U+01F0 (decimal 496)
   defining Unicode char U+01F4 (decimal 500)
   defining Unicode char U+01F5 (decimal 501)
   defining Unicode char U+0218 (decimal 536)
   defining Unicode char U+0219 (decimal 537)
   defining Unicode char U+021A (decimal 538)
   defining Unicode char U+021B (decimal 539)
   defining Unicode char U+0232 (decimal 562)
   defining Unicode char U+0233 (decimal 563)
   defining Unicode char U+1E02 (decimal 7682)
   defining Unicode char U+1E03 (decimal 7683)
   defining Unicode char U+200C (decimal 8204)
   defining Unicode char U+2010 (decimal 8208)
   defining Unicode char U+2011 (decimal 8209)
   defining Unicode char U+2012 (decimal 8210)
   defining Unicode char U+2013 (decimal 8211)
   defining Unicode char U+2014 (decimal 8212)
   defining Unicode char U+2015 (decimal 8213)
   defining Unicode char U+2018 (decimal 8216)
   defining Unicode char U+2019 (decimal 8217)
   defining Unicode char U+201A (decimal 8218)
   defining Unicode char U+201C (decimal 8220)
   defining Unicode char U+201D (decimal 8221)
   defining Unicode char U+201E (decimal 8222)
   defining Unicode char U+2030 (decimal 8240)
   defining Unicode char U+2031 (decimal 8241)
   defining Unicode char U+2039 (decimal 8249)
   defining Unicode char U+203A (decimal 8250)
   defining Unicode char U+2423 (decimal 9251)
   defining Unicode char U+1E20 (decimal 7712)
   defining Unicode char U+1E21 (decimal 7713)
)
Now handling font encoding OT1 ...
... processing UTF-8 mapping file for font encoding OT1

(/usr/share/texlive/texmf-dist/tex/latex/base/ot1enc.dfu
File: ot1enc.dfu 2017/01/28 v1.1t UTF-8 support for inputenc
   defining Unicode char U+00A0 (decimal 160)
   defining Unicode char U+00A1 (decimal 161)
   defining Unicode char U+00A3 (decimal 163)
   defining Unicode char U+00AD (decimal 173)
   defining Unicode char U+00B8 (decimal 184)
   defining Unicode char U+00BF (decimal 191)
   defining Unicode char U+00C5 (decimal 197)
   defining Unicode char U+00C6 (decimal 198)
   defining Unicode char U+00D8 (decimal 216)
   defining Unicode char U+00DF (decimal 223)
   defining Unicode char U+00E6 (decimal 230)
   defining Unicode char U+00EC (decimal 236)
   defining Unicode char U+00ED (decimal 237)
   defining Unicode char U+00EE (decimal 238)
   defining Unicode char U+00EF (decimal 239)
   defining Unicode char U+00F8 (decimal 248)
   defining Unicode char U+0131 (decimal 305)
   defining Unicode char U+0141 (decimal 321)
   defining Unicode char U+0142 (decimal 322)
   defining Unicode char U+0152 (decimal 338)
   defining Unicode char U+0153 (decimal 339)
   defining Unicode char U+0174 (decimal 372)
   defining Unicode char U+0175 (decimal 373)
   defining Unicode char U+0176 (decimal 374)
   defining Unicode char U+0177 (decimal 375)
   defining Unicode char U+0218 (decimal 536)
   defining Unicode char U+0219 (decimal 537)
   defining Unicode char U+021A (decimal 538)
   defining Unicode char U+021B (decimal 539)
   defining Unicode char U+2013 (decimal 8211)
   defining Unicode char U+2014 (decimal 8212)
   defining Unicode char U+2018 (decimal 8216)
   defining Unicode char U+2019 (decimal 8217)
   defining Unicode char U+201C (decimal 8220)
   defining Unicode char U+201D (decimal 8221)
)
Now handling font encoding OMS ...
... processing UTF-8 mapping file for font encoding OMS

(/usr/share/texlive/texmf-dist/tex/latex/base/omsenc.dfu
File: omsenc.dfu 2017/01/28 v1.1t UTF-8 support for inputenc
   defining Unicode char U+00A7 (decimal 167)
   defining Unicode char U+00B6 (decimal 182)
   defining Unicode char U+00B7 (decimal 183)
   defining Unicode char U+2020 (decimal 8224)
   defining Unicode char U+2021 (decimal 8225)
   defining Unicode char U+2022 (decimal 8226)
)
Now handling font encoding OMX ...
... no UTF-8 mapping file for font encoding OMX
Now handling font encoding U ...
... no UTF-8 mapping file for font encoding U
   defining Unicode char U+00A9 (decimal 169)
   defining Unicode char U+00AA (decimal 170)
   defining Unicode char U+00AE (decimal 174)
   defining Unicode char U+00BA (decimal 186)
   defining Unicode char U+02C6 (decimal 710)
   defining Unicode char U+02DC (decimal 732)
   defining Unicode char U+200C (decimal 8204)
   defining Unicode char U+2026 (decimal 8230)
   defining Unicode char U+2122 (decimal 8482)
   defining Unicode char U+2423 (decimal 9251)
))
(/usr/share/texlive/texmf-dist/tex/latex/base/fontenc.sty
Package: fontenc 2017/04/05 v2.0i Standard LaTeX package

(/usr/share/texlive/texmf-dist/tex/latex/base/t1enc.def
File: t1enc.def 2017/04/05 v2.0i Standard LaTeX file
LaTeX Font Info:    Redeclaring font encoding T1 on input line 48.
))
(/usr/share/texlive/texmf-dist/tex/latex/psnfss/mathptmx.sty
Package: mathptmx 2005/04/12 PSNFSS-v9.2a Times w/ Math, improved (SPQR, WaS) 
LaTeX Font Info:    Redeclaring symbol font `operators' on input line 28.
LaTeX Font Info:    Overwriting symbol font `operators' in version `normal'
(Font)                  OT1/cmr/m/n --> OT1/ztmcm/m/n on input line 28.
LaTeX Font Info:    Overwriting symbol font `operators' in version `bold'
(Font)                  OT1/cmr/bx/n --> OT1/ztmcm/m/n on input line 28.
LaTeX Font Info:    Redeclaring symbol font `letters' on input line 29.
LaTeX Font Info:    Overwriting symbol font `letters' in version `normal'
(Font)                  OML/cmm/m/it --> OML/ztmcm/m/it on input line 29.
LaTeX Font Info:    Overwriting symbol font `letters' in version `bold'
(Font)                  OML/cmm/b/it --> OML/ztmcm/m/it on input line 29.
LaTeX Font Info:    Redeclaring symbol font `symbols' on input line 30.
LaTeX Font Info:    Overwriting symbol font `symbols' in version `normal'
(Font)                  OMS/cmsy/m/n --> OMS/ztmcm/m/n on input line 30.
LaTeX Font Info:    Overwriting symbol font `symbols' in version `bold'
(Font)                  OMS/cmsy/b/n --> OMS/ztmcm/m/n on input line 30.
LaTeX Font Info:    Redeclaring symbol font `largesymbols' on input line 31.
LaTeX Font Info:    Overwriting symbol font `largesymbols' in version `normal'
(Font)                  OMX/cmex/m/n --> OMX/ztmcm/m/n on input line 31.
LaTeX Font Info:    Overwriting symbol font `largesymbols' in version `bold'
(Font)                  OMX/cmex/m/n --> OMX/ztmcm/m/n on input line 31.
\symbold=\mathgroup4
\symitalic=\mathgroup5
LaTeX Font Info:    Redeclaring math alphabet \mathbf on input line 34.
LaTeX Font Info:    Overwriting math alphabet `\mathbf' in version `normal'
(Font)                  OT1/cmr/bx/n --> OT1/ptm/bx/n on input line 34.
LaTeX Font Info:    Overwriting math alphabet `\mathbf' in version `bold'
(Font)                  OT1/cmr/bx/n --> OT1/ptm/bx/n on input line 34.
LaTeX Font Info:    Redeclaring math alphabet \mathit on input line 35.
LaTeX Font Info:    Overwriting math alphabet `\mathit' in version `normal'
(Font)                  OT1/cmr/m/it --> OT1/ptm/m/it on input line 35.
LaTeX Font Info:    Overwriting math alphabet `\mathit' in version `bold'
(Font)                  OT1/cmr/bx/it --> OT1/ptm/m/it on input line 35.
LaTeX Info: Redefining \hbar on input line 50.
)
(/usr/share/texlive/texmf-dist/tex/latex/anyfontsize/anyfontsize.sty
Package: anyfontsize 2007/11/22 anyfontsize.sty by pts
)
(/usr/share/texlive/texmf-dist/tex/latex/graphics/color.sty
Package: color 2016/07/10 v1.1e Standard LaTeX Color (DPC)

(/usr/share/texlive/texmf-dist/tex/latex/graphics-cfg/color.cfg
File: color.cfg 2016/01/02 v1.6 sample color configuration
)
Package color Info: Driver file: pdftex.def on input line 147.

(/usr/share/texlive/texmf-dist/tex/latex/graphics-def/pdftex.def
File: pdftex.def 2018/01/08 v1.0l Graphics/color driver for pdftex
))
(/usr/share/texlive/texmf-dist/tex/latex/footmisc/footmisc.sty
Package: footmisc 2011/06/06 v5.5b a miscellany of footnote facilities
\FN@temptoken=\toks18
\footnotemargin=\dimen113
\c@pp@next@reset=\count94
Package footmisc Info: Declaring symbol style bringhurst on input line 855.
Package footmisc Info: Declaring symbol style chicago on input line 863.
Package footmisc Info: Declaring symbol style wiley on input line 872.
Package footmisc Info: Declaring symbol style lamport-robust on input line 883.

Package footmisc Info: Declaring symbol style lamport* on input line 903.
Package footmisc Info: Declaring symbol style lamport*-robust on input line 924
.
)
(/usr/share/texlive/texmf-dist/tex/latex/fncylab/fncylab.sty)
(/usr/share/texlive/texmf-dist/tex/latex/titlesec/titlesec.sty
Package: titlesec 2016/03/21 v2.10.2 Sectioning titles
\ttl@box=\box26
\beforetitleunit=\skip43
\aftertitleunit=\skip44
\ttl@plus=\dimen114
\ttl@minus=\dimen115
\ttl@toksa=\toks19
\titlewidth=\dimen116
\titlewidthlast=\dimen117
\titlewidthfirst=\dimen118
)
(/usr/share/texlive/texmf-dist/tex/latex/enumitem/enumitem.sty
Package: enumitem 2011/09/28 v3.5.2 Customized lists
\labelindent=\skip45
\enit@outerparindent=\dimen119
\enit@toks=\toks20
\enit@inbox=\box27
\enitdp@description=\count95
)
(/usr/share/texlive/texmf-dist/tex/latex/frankenstein/newclude.sty
Package: newclude 1999/11/02 v2 A new system for including files (Frankenstein'
s backbone)

(/usr/share/texlive/texmf-dist/tex/latex/frankenstein/moredefs.sty
Package: moredefs 2001/08/31 v1.8 more defining commands (Frankenstein's brain)

\sc@toks@a=\toks21
\sc@toks@b=\toks22
)
\nc@toks@a=\toks23
\c@IncludeDepth=\count96
)
(/usr/share/texlive/texmf-dist/tex/latex/frankenstein/tag.sto)
(/usr/share/texlive/texmf-dist/tex/latex/setspace/setspace.sty
Package: setspace 2011/12/19 v6.7a set line spacing
)
(/usr/share/texlive/texmf-dist/tex/latex/tcolorbox/tcolorbox.sty
Package: tcolorbox 2018/01/12 version 4.12 text color boxes

(/usr/share/texlive/texmf-dist/tex/latex/pgf/basiclayer/pgf.sty
(/usr/share/texlive/texmf-dist/tex/latex/pgf/utilities/pgfrcs.sty
(/usr/share/texlive/texmf-dist/tex/generic/pgf/utilities/pgfutil-common.tex
\pgfutil@everybye=\toks24
\pgfutil@tempdima=\dimen120
\pgfutil@tempdimb=\dimen121

(/usr/share/texlive/texmf-dist/tex/generic/pgf/utilities/pgfutil-common-lists.t
ex)) (/usr/share/texlive/texmf-dist/tex/generic/pgf/utilities/pgfutil-latex.def
\pgfutil@abb=\box28
(/usr/share/texlive/texmf-dist/tex/latex/ms/everyshi.sty
Package: everyshi 2001/05/15 v3.00 EveryShipout Package (MS)
))
(/usr/share/texlive/texmf-dist/tex/generic/pgf/utilities/pgfrcs.code.tex
Package: pgfrcs 2015/08/07 v3.0.1a (rcs-revision 1.31)
))
Package: pgf 2015/08/07 v3.0.1a (rcs-revision 1.15)

(/usr/share/texlive/texmf-dist/tex/latex/pgf/basiclayer/pgfcore.sty
(/usr/share/texlive/texmf-dist/tex/latex/graphics/graphicx.sty
Package: graphicx 2017/06/01 v1.1a Enhanced LaTeX Graphics (DPC,SPQR)

(/usr/share/texlive/texmf-dist/tex/latex/graphics/graphics.sty
Package: graphics 2017/06/25 v1.2c Standard LaTeX Graphics (DPC,SPQR)

(/usr/share/texlive/texmf-dist/tex/latex/graphics/trig.sty
Package: trig 2016/01/03 v1.10 sin cos tan (DPC)
)
(/usr/share/texlive/texmf-dist/tex/latex/graphics-cfg/graphics.cfg
File: graphics.cfg 2016/06/04 v1.11 sample graphics configuration
)
Package graphics Info: Driver file: pdftex.def on input line 99.
)
\Gin@req@height=\dimen122
\Gin@req@width=\dimen123
)
(/usr/share/texlive/texmf-dist/tex/latex/pgf/systemlayer/pgfsys.sty
(/usr/share/texlive/texmf-dist/tex/generic/pgf/systemlayer/pgfsys.code.tex
Package: pgfsys 2014/07/09 v3.0.1a (rcs-revision 1.48)

(/usr/share/texlive/texmf-dist/tex/generic/pgf/utilities/pgfkeys.code.tex
\pgfkeys@pathtoks=\toks25
\pgfkeys@temptoks=\toks26

(/usr/share/texlive/texmf-dist/tex/generic/pgf/utilities/pgfkeysfiltered.code.t
ex
\pgfkeys@tmptoks=\toks27
))
\pgf@x=\dimen124
\pgf@y=\dimen125
\pgf@xa=\dimen126
\pgf@ya=\dimen127
\pgf@xb=\dimen128
\pgf@yb=\dimen129
\pgf@xc=\dimen130
\pgf@yc=\dimen131
\w@pgf@writea=\write3
\r@pgf@reada=\read1
\c@pgf@counta=\count97
\c@pgf@countb=\count98
\c@pgf@countc=\count99
\c@pgf@countd=\count100
\t@pgf@toka=\toks28
\t@pgf@tokb=\toks29
\t@pgf@tokc=\toks30
 (/usr/share/texlive/texmf-dist/tex/generic/pgf/systemlayer/pgf.cfg
File: pgf.cfg 2008/05/14  (rcs-revision 1.7)
)
Driver file for pgf: pgfsys-pdftex.def

(/usr/share/texlive/texmf-dist/tex/generic/pgf/systemlayer/pgfsys-pdftex.def
File: pgfsys-pdftex.def 2014/10/11  (rcs-revision 1.35)

(/usr/share/texlive/texmf-dist/tex/generic/pgf/systemlayer/pgfsys-common-pdf.de
f
File: pgfsys-common-pdf.def 2013/10/10  (rcs-revision 1.13)
)))
(/usr/share/texlive/texmf-dist/tex/generic/pgf/systemlayer/pgfsyssoftpath.code.
tex
File: pgfsyssoftpath.code.tex 2013/09/09  (rcs-revision 1.9)
\pgfsyssoftpath@smallbuffer@items=\count101
\pgfsyssoftpath@bigbuffer@items=\count102
)
(/usr/share/texlive/texmf-dist/tex/generic/pgf/systemlayer/pgfsysprotocol.code.
tex
File: pgfsysprotocol.code.tex 2006/10/16  (rcs-revision 1.4)
)) (/usr/share/texlive/texmf-dist/tex/latex/xcolor/xcolor.sty
Package: xcolor 2016/05/11 v2.12 LaTeX color extensions (UK)

(/usr/share/texlive/texmf-dist/tex/latex/graphics-cfg/color.cfg
File: color.cfg 2016/01/02 v1.6 sample color configuration
)
Package xcolor Info: Driver file: pdftex.def on input line 225.
LaTeX Info: Redefining \color on input line 709.
Package xcolor Info: Model `cmy' substituted by `cmy0' on input line 1348.
Package xcolor Info: Model `hsb' substituted by `rgb' on input line 1352.
Package xcolor Info: Model `RGB' extended on input line 1364.
Package xcolor Info: Model `HTML' substituted by `rgb' on input line 1366.
Package xcolor Info: Model `Hsb' substituted by `hsb' on input line 1367.
Package xcolor Info: Model `tHsb' substituted by `hsb' on input line 1368.
Package xcolor Info: Model `HSB' substituted by `hsb' on input line 1369.
Package xcolor Info: Model `Gray' substituted by `gray' on input line 1370.
Package xcolor Info: Model `wave' substituted by `hsb' on input line 1371.
)
(/usr/share/texlive/texmf-dist/tex/generic/pgf/basiclayer/pgfcore.code.tex
Package: pgfcore 2010/04/11 v3.0.1a (rcs-revision 1.7)

(/usr/share/texlive/texmf-dist/tex/generic/pgf/math/pgfmath.code.tex
(/usr/share/texlive/texmf-dist/tex/generic/pgf/math/pgfmathcalc.code.tex
(/usr/share/texlive/texmf-dist/tex/generic/pgf/math/pgfmathutil.code.tex)
(/usr/share/texlive/texmf-dist/tex/generic/pgf/math/pgfmathparser.code.tex
\pgfmath@dimen=\dimen132
\pgfmath@count=\count103
\pgfmath@box=\box29
\pgfmath@toks=\toks31
\pgfmath@stack@operand=\toks32
\pgfmath@stack@operation=\toks33
)
(/usr/share/texlive/texmf-dist/tex/generic/pgf/math/pgfmathfunctions.code.tex
(/usr/share/texlive/texmf-dist/tex/generic/pgf/math/pgfmathfunctions.basic.code
.tex)
(/usr/share/texlive/texmf-dist/tex/generic/pgf/math/pgfmathfunctions.trigonomet
ric.code.tex)
(/usr/share/texlive/texmf-dist/tex/generic/pgf/math/pgfmathfunctions.random.cod
e.tex)
(/usr/share/texlive/texmf-dist/tex/generic/pgf/math/pgfmathfunctions.comparison
.code.tex)
(/usr/share/texlive/texmf-dist/tex/generic/pgf/math/pgfmathfunctions.base.code.
tex)
(/usr/share/texlive/texmf-dist/tex/generic/pgf/math/pgfmathfunctions.round.code
.tex)
(/usr/share/texlive/texmf-dist/tex/generic/pgf/math/pgfmathfunctions.misc.code.
tex)
(/usr/share/texlive/texmf-dist/tex/generic/pgf/math/pgfmathfunctions.integerari
thmetics.code.tex)))
(/usr/share/texlive/texmf-dist/tex/generic/pgf/math/pgfmathfloat.code.tex
\c@pgfmathroundto@lastzeros=\count104
))
(/usr/share/texlive/texmf-dist/tex/generic/pgf/basiclayer/pgfcorepoints.code.te
x
File: pgfcorepoints.code.tex 2013/10/07  (rcs-revision 1.27)
\pgf@picminx=\dimen133
\pgf@picmaxx=\dimen134
\pgf@picminy=\dimen135
\pgf@picmaxy=\dimen136
\pgf@pathminx=\dimen137
\pgf@pathmaxx=\dimen138
\pgf@pathminy=\dimen139
\pgf@pathmaxy=\dimen140
\pgf@xx=\dimen141
\pgf@xy=\dimen142
\pgf@yx=\dimen143
\pgf@yy=\dimen144
\pgf@zx=\dimen145
\pgf@zy=\dimen146
)
(/usr/share/texlive/texmf-dist/tex/generic/pgf/basiclayer/pgfcorepathconstruct.
code.tex
File: pgfcorepathconstruct.code.tex 2013/10/07  (rcs-revision 1.29)
\pgf@path@lastx=\dimen147
\pgf@path@lasty=\dimen148
)
(/usr/share/texlive/texmf-dist/tex/generic/pgf/basiclayer/pgfcorepathusage.code
.tex
File: pgfcorepathusage.code.tex 2014/11/02  (rcs-revision 1.24)
\pgf@shorten@end@additional=\dimen149
\pgf@shorten@start@additional=\dimen150
)
(/usr/share/texlive/texmf-dist/tex/generic/pgf/basiclayer/pgfcorescopes.code.te
x
File: pgfcorescopes.code.tex 2015/05/08  (rcs-revision 1.46)
\pgfpic=\box30
\pgf@hbox=\box31
\pgf@layerbox@main=\box32
\pgf@picture@serial@count=\count105
)
(/usr/share/texlive/texmf-dist/tex/generic/pgf/basiclayer/pgfcoregraphicstate.c
ode.tex
File: pgfcoregraphicstate.code.tex 2014/11/02  (rcs-revision 1.12)
\pgflinewidth=\dimen151
)
(/usr/share/texlive/texmf-dist/tex/generic/pgf/basiclayer/pgfcoretransformation
s.code.tex
File: pgfcoretransformations.code.tex 2015/08/07  (rcs-revision 1.20)
\pgf@pt@x=\dimen152
\pgf@pt@y=\dimen153
\pgf@pt@temp=\dimen154
)
(/usr/share/texlive/texmf-dist/tex/generic/pgf/basiclayer/pgfcorequick.code.tex
File: pgfcorequick.code.tex 2008/10/09  (rcs-revision 1.3)
)
(/usr/share/texlive/texmf-dist/tex/generic/pgf/basiclayer/pgfcoreobjects.code.t
ex
File: pgfcoreobjects.code.tex 2006/10/11  (rcs-revision 1.2)
)
(/usr/share/texlive/texmf-dist/tex/generic/pgf/basiclayer/pgfcorepathprocessing
.code.tex
File: pgfcorepathprocessing.code.tex 2013/09/09  (rcs-revision 1.9)
)
(/usr/share/texlive/texmf-dist/tex/generic/pgf/basiclayer/pgfcorearrows.code.te
x
File: pgfcorearrows.code.tex 2015/05/14  (rcs-revision 1.43)
\pgfarrowsep=\dimen155
)
(/usr/share/texlive/texmf-dist/tex/generic/pgf/basiclayer/pgfcoreshade.code.tex
File: pgfcoreshade.code.tex 2013/07/15  (rcs-revision 1.15)
\pgf@max=\dimen156
\pgf@sys@shading@range@num=\count106
)
(/usr/share/texlive/texmf-dist/tex/generic/pgf/basiclayer/pgfcoreimage.code.tex
File: pgfcoreimage.code.tex 2013/07/15  (rcs-revision 1.18)

(/usr/share/texlive/texmf-dist/tex/generic/pgf/basiclayer/pgfcoreexternal.code.
tex
File: pgfcoreexternal.code.tex 2014/07/09  (rcs-revision 1.21)
\pgfexternal@startupbox=\box33
))
(/usr/share/texlive/texmf-dist/tex/generic/pgf/basiclayer/pgfcorelayers.code.te
x
File: pgfcorelayers.code.tex 2013/07/18  (rcs-revision 1.7)
)
(/usr/share/texlive/texmf-dist/tex/generic/pgf/basiclayer/pgfcoretransparency.c
ode.tex
File: pgfcoretransparency.code.tex 2013/09/30  (rcs-revision 1.5)
)
(/usr/share/texlive/texmf-dist/tex/generic/pgf/basiclayer/pgfcorepatterns.code.
tex
File: pgfcorepatterns.code.tex 2013/11/07  (rcs-revision 1.5)
)))
(/usr/share/texlive/texmf-dist/tex/generic/pgf/modules/pgfmoduleshapes.code.tex
File: pgfmoduleshapes.code.tex 2014/03/21  (rcs-revision 1.35)
\pgfnodeparttextbox=\box34
) (/usr/share/texlive/texmf-dist/tex/generic/pgf/modules/pgfmoduleplot.code.tex
File: pgfmoduleplot.code.tex 2015/08/03  (rcs-revision 1.13)
)
(/usr/share/texlive/texmf-dist/tex/latex/pgf/compatibility/pgfcomp-version-0-65
.sty
Package: pgfcomp-version-0-65 2007/07/03 v3.0.1a (rcs-revision 1.7)
\pgf@nodesepstart=\dimen157
\pgf@nodesepend=\dimen158
)
(/usr/share/texlive/texmf-dist/tex/latex/pgf/compatibility/pgfcomp-version-1-18
.sty
Package: pgfcomp-version-1-18 2007/07/23 v3.0.1a (rcs-revision 1.1)
)) (/usr/share/texlive/texmf-dist/tex/latex/tools/verbatim.sty
Package: verbatim 2014/10/28 v1.5q LaTeX2e package for verbatim enhancements
\every@verbatim=\toks34
\verbatim@line=\toks35
\verbatim@in@stream=\read2
)
(/usr/share/texlive/texmf-dist/tex/latex/environ/environ.sty
Package: environ 2014/05/04 v0.3 A new way to define environments

(/usr/share/texlive/texmf-dist/tex/latex/trimspaces/trimspaces.sty
Package: trimspaces 2009/09/17 v1.1 Trim spaces around a token list
)
\@envbody=\toks36
)
(/usr/share/texlive/texmf-dist/tex/latex/etoolbox/etoolbox.sty
Package: etoolbox 2018/02/11 v2.5e e-TeX tools for LaTeX (JAW)
\etb@tempcnta=\count107
)
\tcb@titlebox=\box35
\tcb@upperbox=\box36
\tcb@lowerbox=\box37
\tcb@phantombox=\box38
\c@tcbbreakpart=\count108
\c@tcblayer=\count109
\tcolorbox@number=\count110
\tcb@temp=\box39
\tcb@temp=\box40
\tcb@temp=\box41
\tcb@temp=\box42
\tcb@out=\write4
\tcb@record@out=\write5
)
(/usr/share/texlive/texmf-dist/tex/latex/amsmath/amsmath.sty
Package: amsmath 2017/09/02 v2.17a AMS math features
\@mathmargin=\skip46

For additional information on amsmath, use the `?' option.
(/usr/share/texlive/texmf-dist/tex/latex/amsmath/amstext.sty
Package: amstext 2000/06/29 v2.01 AMS text

(/usr/share/texlive/texmf-dist/tex/latex/amsmath/amsgen.sty
File: amsgen.sty 1999/11/30 v2.0 generic functions
\@emptytoks=\toks37
\ex@=\dimen159
))
(/usr/share/texlive/texmf-dist/tex/latex/amsmath/amsbsy.sty
Package: amsbsy 1999/11/29 v1.2d Bold Symbols
\pmbraise@=\dimen160
)
(/usr/share/texlive/texmf-dist/tex/latex/amsmath/amsopn.sty
Package: amsopn 2016/03/08 v2.02 operator names
)
\inf@bad=\count111
LaTeX Info: Redefining \frac on input line 213.
\uproot@=\count112
\leftroot@=\count113
LaTeX Info: Redefining \overline on input line 375.
\classnum@=\count114
\DOTSCASE@=\count115
LaTeX Info: Redefining \ldots on input line 472.
LaTeX Info: Redefining \dots on input line 475.
LaTeX Info: Redefining \cdots on input line 596.
\Mathstrutbox@=\box43
\strutbox@=\box44
\big@size=\dimen161
LaTeX Font Info:    Redeclaring font encoding OML on input line 712.
LaTeX Font Info:    Redeclaring font encoding OMS on input line 713.
\macc@depth=\count116
\c@MaxMatrixCols=\count117
\dotsspace@=\muskip10
\c@parentequation=\count118
\dspbrk@lvl=\count119
\tag@help=\toks38
\row@=\count120
\column@=\count121
\maxfields@=\count122
\andhelp@=\toks39
\eqnshift@=\dimen162
\alignsep@=\dimen163
\tagshift@=\dimen164
\tagwidth@=\dimen165
\totwidth@=\dimen166
\lineht@=\dimen167
\@envbody=\toks40
\multlinegap=\skip47
\multlinetaggap=\skip48
\mathdisplay@stack=\toks41
LaTeX Info: Redefining \[ on input line 2817.
LaTeX Info: Redefining \] on input line 2818.
)
(/usr/share/texlive/texmf-dist/tex/latex/hyperref/hyperref.sty
Package: hyperref 2018/02/06 v6.86b Hypertext links for LaTeX

(/usr/share/texlive/texmf-dist/tex/generic/oberdiek/hobsub-hyperref.sty
Package: hobsub-hyperref 2016/05/16 v1.14 Bundle oberdiek, subset hyperref (HO)


(/usr/share/texlive/texmf-dist/tex/generic/oberdiek/hobsub-generic.sty
Package: hobsub-generic 2016/05/16 v1.14 Bundle oberdiek, subset generic (HO)
Package: hobsub 2016/05/16 v1.14 Construct package bundles (HO)
Package: infwarerr 2016/05/16 v1.4 Providing info/warning/error messages (HO)
Package: ltxcmds 2016/05/16 v1.23 LaTeX kernel commands for general use (HO)
Package: ifluatex 2016/05/16 v1.4 Provides the ifluatex switch (HO)
Package ifluatex Info: LuaTeX not detected.
Package hobsub Info: Skipping package `ifvtex' (already loaded).
Package: intcalc 2016/05/16 v1.2 Expandable calculations with integers (HO)
Package hobsub Info: Skipping package `ifpdf' (already loaded).
Package: etexcmds 2016/05/16 v1.6 Avoid name clashes with e-TeX commands (HO)
Package etexcmds Info: Could not find \expanded.
(etexcmds)             That can mean that you are not using pdfTeX 1.50 or
(etexcmds)             that some package has redefined \expanded.
(etexcmds)             In the latter case, load this package earlier.
Package: kvsetkeys 2016/05/16 v1.17 Key value parser (HO)
Package: kvdefinekeys 2016/05/16 v1.4 Define keys (HO)
Package: pdftexcmds 2018/01/21 v0.26 Utility functions of pdfTeX for LuaTeX (HO
)
Package pdftexcmds Info: LuaTeX not detected.
Package pdftexcmds Info: \pdf@primitive is available.
Package pdftexcmds Info: \pdf@ifprimitive is available.
Package pdftexcmds Info: \pdfdraftmode found.
Package: pdfescape 2016/05/16 v1.14 Implements pdfTeX's escape features (HO)
Package: bigintcalc 2016/05/16 v1.4 Expandable calculations on big integers (HO
)
Package: bitset 2016/05/16 v1.2 Handle bit-vector datatype (HO)
Package: uniquecounter 2016/05/16 v1.3 Provide unlimited unique counter (HO)
)
Package hobsub Info: Skipping package `hobsub' (already loaded).
Package: letltxmacro 2016/05/16 v1.5 Let assignment for LaTeX macros (HO)
Package: hopatch 2016/05/16 v1.3 Wrapper for package hooks (HO)
Package: xcolor-patch 2016/05/16 xcolor patch
Package: atveryend 2016/05/16 v1.9 Hooks at the very end of document (HO)
Package: atbegshi 2016/06/09 v1.18 At begin shipout hook (HO)
Package: refcount 2016/05/16 v3.5 Data extraction from label references (HO)
Package: hycolor 2016/05/16 v1.8 Color options for hyperref/bookmark (HO)
)
(/usr/share/texlive/texmf-dist/tex/latex/oberdiek/auxhook.sty
Package: auxhook 2016/05/16 v1.4 Hooks for auxiliary files (HO)
)
(/usr/share/texlive/texmf-dist/tex/latex/oberdiek/kvoptions.sty
Package: kvoptions 2016/05/16 v3.12 Key value format for package options (HO)
)
\@linkdim=\dimen168
\Hy@linkcounter=\count123
\Hy@pagecounter=\count124

(/usr/share/texlive/texmf-dist/tex/latex/hyperref/pd1enc.def
File: pd1enc.def 2018/02/06 v6.86b Hyperref: PDFDocEncoding definition (HO)
Now handling font encoding PD1 ...
... no UTF-8 mapping file for font encoding PD1
)
\Hy@SavedSpaceFactor=\count125

(/usr/share/texlive/texmf-dist/tex/latex/latexconfig/hyperref.cfg
File: hyperref.cfg 2002/06/06 v1.2 hyperref configuration of TeXLive
)
Package hyperref Info: Option `colorlinks' set `true' on input line 4383.
Package hyperref Info: Hyper figures OFF on input line 4509.
Package hyperref Info: Link nesting OFF on input line 4514.
Package hyperref Info: Hyper index ON on input line 4517.
Package hyperref Info: Plain pages OFF on input line 4524.
Package hyperref Info: Backreferencing OFF on input line 4529.
Package hyperref Info: Implicit mode ON; LaTeX internals redefined.
Package hyperref Info: Bookmarks ON on input line 4762.
\c@Hy@tempcnt=\count126

(/usr/share/texlive/texmf-dist/tex/latex/url/url.sty
\Urlmuskip=\muskip11
Package: url 2013/09/16  ver 3.4  Verb mode for urls, etc.
)
LaTeX Info: Redefining \url on input line 5115.
\XeTeXLinkMargin=\dimen169
\Fld@menulength=\count127
\Field@Width=\dimen170
\Fld@charsize=\dimen171
Package hyperref Info: Hyper figures OFF on input line 6369.
Package hyperref Info: Link nesting OFF on input line 6374.
Package hyperref Info: Hyper index ON on input line 6377.
Package hyperref Info: backreferencing OFF on input line 6384.
Package hyperref Info: Link coloring ON on input line 6387.
Package hyperref Info: Link coloring with OCG OFF on input line 6394.
Package hyperref Info: PDF/A mode OFF on input line 6399.
LaTeX Info: Redefining \ref on input line 6439.
LaTeX Info: Redefining \pageref on input line 6443.
\Hy@abspage=\count128
\c@Item=\count129
\c@Hfootnote=\count130
)
Package hyperref Info: Driver (autodetected): hpdftex.

(/usr/share/texlive/texmf-dist/tex/latex/hyperref/hpdftex.def
File: hpdftex.def 2018/02/06 v6.86b Hyperref driver for pdfTeX
\Fld@listcount=\count131
\c@bookmark@seq@number=\count132

(/usr/share/texlive/texmf-dist/tex/latex/oberdiek/rerunfilecheck.sty
Package: rerunfilecheck 2016/05/16 v1.8 Rerun checks for auxiliary files (HO)
Package uniquecounter Info: New unique counter `rerunfilecheck' on input line 2
82.
)
\Hy@SectionHShift=\skip49
)
(/usr/share/texlive/texmf-dist/tex/latex/amsfonts/amssymb.sty
Package: amssymb 2013/01/14 v3.01 AMS font symbols

(/usr/share/texlive/texmf-dist/tex/latex/amsfonts/amsfonts.sty
Package: amsfonts 2013/01/14 v3.01 Basic AMSFonts support
\symAMSa=\mathgroup6
\symAMSb=\mathgroup7
LaTeX Font Info:    Overwriting math alphabet `\mathfrak' in version `bold'
(Font)                  U/euf/m/n --> U/euf/b/n on input line 106.
))
\symfontsymb=\mathgroup8

(/usr/share/texlive/texmf-dist/tex/latex/bbm-macros/bbm.sty
Package: bbm 1999/03/15 V 1.2 provides fonts for set symbols - TH
LaTeX Font Info:    Overwriting math alphabet `\mathbbm' in version `bold'
(Font)                  U/bbm/m/n --> U/bbm/bx/n on input line 33.
LaTeX Font Info:    Overwriting math alphabet `\mathbbmss' in version `bold'
(Font)                  U/bbmss/m/n --> U/bbmss/bx/n on input line 35.
)
(/usr/share/texlive/texmf-dist/tex/latex/tools/bm.sty
Package: bm 2017/01/16 v1.2c Bold Symbol Support (DPC/FMi)
LaTeX Info: Redefining \bm on input line 207.
)
(/usr/share/texlive/texmf-dist/tex/latex/relsize/relsize.sty
Package: relsize 2013/03/29 ver 4.1
)
(/usr/share/texlive/texmf-dist/tex/latex/mathtools/mathtools.sty
Package: mathtools 2018/01/08 v1.21 mathematical typesetting tools

(/usr/share/texlive/texmf-dist/tex/latex/tools/calc.sty
Package: calc 2014/10/28 v4.3 Infix arithmetic (KKT,FJ)
\calc@Acount=\count133
\calc@Bcount=\count134
\calc@Adimen=\dimen172
\calc@Bdimen=\dimen173
\calc@Askip=\skip50
\calc@Bskip=\skip51
LaTeX Info: Redefining \setlength on input line 80.
LaTeX Info: Redefining \addtolength on input line 81.
\calc@Ccount=\count135
\calc@Cskip=\skip52
)
(/usr/share/texlive/texmf-dist/tex/latex/mathtools/mhsetup.sty
Package: mhsetup 2017/03/31 v1.3 programming setup (MH)
)
LaTeX Info: Thecontrolsequence`\('isalreadyrobust on input line 129.
LaTeX Info: Thecontrolsequence`\)'isalreadyrobust on input line 129.
LaTeX Info: Thecontrolsequence`\['isalreadyrobust on input line 129.
LaTeX Info: Thecontrolsequence`\]'isalreadyrobust on input line 129.
\g_MT_multlinerow_int=\count136
\l_MT_multwidth_dim=\dimen174
\origjot=\skip53
\l_MT_shortvdotswithinadjustabove_dim=\dimen175
\l_MT_shortvdotswithinadjustbelow_dim=\dimen176
\l_MT_above_intertext_sep=\dimen177
\l_MT_below_intertext_sep=\dimen178
\l_MT_above_shortintertext_sep=\dimen179
\l_MT_below_shortintertext_sep=\dimen180
)
(/usr/share/texlive/texmf-dist/tex/latex/booktabs/booktabs.sty
Package: booktabs 2016/04/27 v1.618033 publication quality tables
\heavyrulewidth=\dimen181
\lightrulewidth=\dimen182
\cmidrulewidth=\dimen183
\belowrulesep=\dimen184
\belowbottomsep=\dimen185
\aboverulesep=\dimen186
\abovetopsep=\dimen187
\cmidrulesep=\dimen188
\cmidrulekern=\dimen189
\defaultaddspace=\dimen190
\@cmidla=\count137
\@cmidlb=\count138
\@aboverulesep=\dimen191
\@belowrulesep=\dimen192
\@thisruleclass=\count139
\@lastruleclass=\count140
\@thisrulewidth=\dimen193
)
(/usr/share/texlive/texmf-dist/tex/latex/graphics/rotating.sty
Package: rotating 2016/08/11 v2.16d rotated objects in LaTeX

(/usr/share/texlive/texmf-dist/tex/latex/base/ifthen.sty
Package: ifthen 2014/09/29 v1.1c Standard LaTeX ifthen package (DPC)
)
\c@r@tfl@t=\count141
\rotFPtop=\skip54
\rotFPbot=\skip55
\rot@float@box=\box45
\rot@mess@toks=\toks42
)
(/usr/share/texlive/texmf-dist/tex/latex/multirow/multirow.sty
Package: multirow 2016/11/25 v2.2 Span multiple rows of a table
\multirow@colwidth=\skip56
\multirow@cntb=\count142
\multirow@dima=\skip57
\bigstrutjot=\dimen194
)
(/usr/share/texlive/texmf-dist/tex/latex/makecell/makecell.sty
Package: makecell 2009/08/03 V0.1e Managing of Tab Column Heads and Cells

(/usr/share/texlive/texmf-dist/tex/latex/tools/array.sty
Package: array 2016/10/06 v2.4d Tabular extension package (FMi)
\col@sep=\dimen195
\extrarowheight=\dimen196
\NC@list=\toks43
\extratabsurround=\skip58
\backup@length=\skip59
)
\rotheadsize=\dimen197
\c@nlinenum=\count143
\TeXr@lab=\toks44
)
(/usr/share/texlive/texmf-dist/tex/latex/tools/dcolumn.sty
Package: dcolumn 2014/10/28 v1.06 decimal alignment package (DPC)
)
(/usr/share/texlive/texmf-dist/tex/latex/float/float.sty
Package: float 2001/11/08 v1.3d Float enhancements (AL)
\c@float@type=\count144
\float@exts=\toks45
\float@box=\box46
\@float@everytoks=\toks46
\@floatcapt=\box47
)
(/usr/share/texlive/texmf-dist/tex/latex/caption/caption.sty
Package: caption 2016/02/21 v3.3-144 Customizing captions (AR)

(/usr/share/texlive/texmf-dist/tex/latex/caption/caption3.sty
Package: caption3 2016/05/22 v1.7-166 caption3 kernel (AR)
Package caption3 Info: TeX engine: e-TeX on input line 67.
\captionmargin=\dimen198
\captionmargin@=\dimen199
\captionwidth=\dimen256
\caption@tempdima=\dimen257
\caption@indent=\dimen258
\caption@parindent=\dimen259
\caption@hangindent=\dimen260
)
\c@ContinuedFloat=\count145
Package caption Info: float package is loaded.
Package caption Info: hyperref package is loaded.
Package caption Info: rotating package is loaded.
)
(/usr/share/texlive/texmf-dist/tex/latex/caption/subcaption.sty
Package: subcaption 2016/05/22 v1.1-161 Sub-captions (AR)
\c@subfigure=\count146
\c@subtable=\count147
)
(/usr/share/texlive/texmf-dist/tex/latex/textpos/textpos.sty
Package: textpos 2016/06/07 v1.8

Package: textpos 2016/06/07 1.8, absolute positioning of text on the page
\TP@textbox=\box48
\TP@holdbox=\box49
\TPHorizModule=\dimen261
\TPVertModule=\dimen262
\TP@margin=\dimen263
\TP@absmargin=\dimen264
Grid set 16 x 16 = 37.34424pt x 52.81541pt
\TPboxrulesize=\dimen265
\TP@ox=\dimen266
\TP@oy=\dimen267
\TP@tbargs=\toks47
\TP@prevdepth=\dimen268
TextBlockOrigin set to 0pt x 0pt
) (/usr/share/texlive/texmf-dist/tex/latex/oberdiek/transparent.sty
Package: transparent 2016/05/16 v1.1 Transparency via pdfTeX's color stack (HO)

)
(/usr/share/texlive/texmf-dist/tex/latex/pdfpages/pdfpages.sty
Package: pdfpages 2017/10/31 v0.5l Insert pages of external PDF documents (AM)

(/usr/share/texlive/texmf-dist/tex/latex/eso-pic/eso-pic.sty
Package: eso-pic 2015/07/21 v2.0g eso-pic (RN)
)
\AM@pagewidth=\dimen269
\AM@pageheight=\dimen270

(/usr/share/texlive/texmf-dist/tex/latex/pdfpages/pppdftex.def
File: pppdftex.def 2017/10/31 v0.5l Pdfpages driver for pdfTeX (AM)
)
\AM@pagebox=\box50
\AM@global@opts=\toks48
\AM@toc@title=\toks49
\c@AM@survey=\count148
\AM@templatesizebox=\box51
)
(/usr/share/texlive/texmf-dist/tex/latex/natbib/natbib.sty
Package: natbib 2010/09/13 8.31b (PWD, AO)
\bibhang=\skip60
\bibsep=\skip61
LaTeX Info: Redefining \cite on input line 694.
\c@NAT@ctr=\count149
)
(/usr/share/texlive/texmf-dist/tex/latex/tocloft/tocloft.sty
Package: tocloft 2017/08/31 v2.3i parameterised ToC, etc., typesetting
Package tocloft Info: The document has chapter divisions on input line 51.
\cftparskip=\skip62
\cftbeforetoctitleskip=\skip63
\cftaftertoctitleskip=\skip64
\cftbeforepartskip=\skip65
\cftpartnumwidth=\skip66
\cftpartindent=\skip67
\cftbeforechapskip=\skip68
\cftchapindent=\skip69
\cftchapnumwidth=\skip70
\cftbeforesecskip=\skip71
\cftsecindent=\skip72
\cftsecnumwidth=\skip73
\cftbeforesubsecskip=\skip74
\cftsubsecindent=\skip75
\cftsubsecnumwidth=\skip76
\cftbeforesubsubsecskip=\skip77
\cftsubsubsecindent=\skip78
\cftsubsubsecnumwidth=\skip79
\cftbeforeparaskip=\skip80
\cftparaindent=\skip81
\cftparanumwidth=\skip82
\cftbeforesubparaskip=\skip83
\cftsubparaindent=\skip84
\cftsubparanumwidth=\skip85
\cftbeforeloftitleskip=\skip86
\cftafterloftitleskip=\skip87
\cftbeforefigskip=\skip88
\cftfigindent=\skip89
\cftfignumwidth=\skip90
\c@lofdepth=\count150
\c@lotdepth=\count151
\cftbeforelottitleskip=\skip91
\cftafterlottitleskip=\skip92
\cftbeforetabskip=\skip93
\cfttabindent=\skip94
\cfttabnumwidth=\skip95
)
(/usr/share/texlive/texmf-dist/tex/latex/appendix/appendix.sty
Package: appendix 2009/09/02 v1.2b extra appendix facilities
\c@@pps=\count152
\c@@ppsavesec=\count153
\c@@ppsaveapp=\count154
) (./main.aux

LaTeX Warning: Label `fig_c2_s3_1' multiply defined.

)
\openout1 = `main.aux'.

LaTeX Font Info:    Checking defaults for OML/cmm/m/it on input line 284.
LaTeX Font Info:    ... okay on input line 284.
LaTeX Font Info:    Checking defaults for T1/cmr/m/n on input line 284.
LaTeX Font Info:    ... okay on input line 284.
LaTeX Font Info:    Checking defaults for OT1/cmr/m/n on input line 284.
LaTeX Font Info:    ... okay on input line 284.
LaTeX Font Info:    Checking defaults for OMS/cmsy/m/n on input line 284.
LaTeX Font Info:    ... okay on input line 284.
LaTeX Font Info:    Checking defaults for OMX/cmex/m/n on input line 284.
LaTeX Font Info:    ... okay on input line 284.
LaTeX Font Info:    Checking defaults for U/cmr/m/n on input line 284.
LaTeX Font Info:    ... okay on input line 284.
LaTeX Font Info:    Checking defaults for PD1/pdf/m/n on input line 284.
LaTeX Font Info:    ... okay on input line 284.
LaTeX Font Info:    Try loading font information for T1+ptm on input line 284.
 (/usr/share/texlive/texmf-dist/tex/latex/psnfss/t1ptm.fd
File: t1ptm.fd 2001/06/04 font definitions for T1/ptm.
)
*geometry* driver: auto-detecting
*geometry* detected driver: pdftex
*geometry* verbose mode - [ preamble ] result:
* driver: pdftex
* paper: a4paper
* layout: <same size as paper>
* layoutoffset:(h,v)=(0.0pt,0.0pt)
* modes: twoside 
* h-part:(L,W,R)=(72.26999pt, 452.9679pt, 72.26999pt)
* v-part:(T,H,B)=(86.72377pt, 671.5993pt, 86.72377pt)
* \paperwidth=597.50787pt
* \paperheight=845.04684pt
* \textwidth=452.9679pt
* \textheight=671.5993pt
* \oddsidemargin=0.0pt
* \evensidemargin=0.0pt
* \topmargin=-17.42001pt
* \headheight=12.0pt
* \headsep=19.8738pt
* \topskip=12.0pt
* \footskip=30.0pt
* \marginparwidth=88.0pt
* \marginparsep=7.0pt
* \columnsep=10.0pt
* \skip\footins=10.8pt plus 4.0pt minus 2.0pt
* \hoffset=0.0pt
* \voffset=0.0pt
* \mag=1000
* \@twocolumnfalse
* \@twosidetrue
* \@mparswitchtrue
* \@reversemarginfalse
* (1in=72.27pt=25.4mm, 1cm=28.453pt)

(/usr/share/texlive/texmf-dist/tex/context/base/mkii/supp-pdf.mkii
[Loading MPS to PDF converter (version 2006.09.02).]
\scratchcounter=\count155
\scratchdimen=\dimen271
\scratchbox=\box52
\nofMPsegments=\count156
\nofMParguments=\count157
\everyMPshowfont=\toks50
\MPscratchCnt=\count158
\MPscratchDim=\dimen272
\MPnumerator=\count159
\makeMPintoPDFobject=\count160
\everyMPtoPDFconversion=\toks51
) (/usr/share/texlive/texmf-dist/tex/latex/oberdiek/epstopdf-base.sty
Package: epstopdf-base 2016/05/15 v2.6 Base part for package epstopdf

(/usr/share/texlive/texmf-dist/tex/latex/oberdiek/grfext.sty
Package: grfext 2016/05/16 v1.2 Manage graphics extensions (HO)
)
Package epstopdf-base Info: Redefining graphics rule for `.eps' on input line 4
38.
Package grfext Info: Graphics extension search list:
(grfext)             [.pdf,.png,.jpg,.mps,.jpeg,.jbig2,.jb2,.PDF,.PNG,.JPG,.JPE
G,.JBIG2,.JB2,.eps]
(grfext)             \AppendGraphicsExtensions on input line 456.

(/usr/share/texlive/texmf-dist/tex/latex/latexconfig/epstopdf-sys.cfg
File: epstopdf-sys.cfg 2010/07/13 v1.3 Configuration of (r)epstopdf for TeX Liv
e
))
ABD: EveryShipout initializing macros
\AtBeginShipoutBox=\box53
Package hyperref Info: Link coloring ON on input line 284.

(/usr/share/texlive/texmf-dist/tex/latex/hyperref/nameref.sty
Package: nameref 2016/05/21 v2.44 Cross-referencing by name of section

(/usr/share/texlive/texmf-dist/tex/generic/oberdiek/gettitlestring.sty
Package: gettitlestring 2016/05/16 v1.5 Cleanup title references (HO)
)
\c@section@level=\count161
)
LaTeX Info: Redefining \ref on input line 284.
LaTeX Info: Redefining \pageref on input line 284.
LaTeX Info: Redefining \nameref on input line 284.

(./main.out) (./main.out)
\@outlinefile=\write6
\openout6 = `main.out'.

Package caption Info: Begin \AtBeginDocument code.
Package caption Info: End \AtBeginDocument code.

(/usr/share/texlive/texmf-dist/tex/latex/oberdiek/pdflscape.sty
Package: pdflscape 2016/05/14 v0.11 Display of landscape pages in PDF (HO)

(/usr/share/texlive/texmf-dist/tex/latex/graphics/lscape.sty
Package: lscape 2000/10/22 v3.01 Landscape Pages (DPC)
)
Package pdflscape Info: Auto-detected driver: pdftex on input line 81.
)
(./sections/titlepage.tex
<images/logotelecom.png, id=260, 229.60782pt x 229.60782pt>
File: images/logotelecom.png Graphic file (type png)
<use images/logotelecom.png>
Package pdftex.def Info: images/logotelecom.png  used on input line 4.
(pdftex.def)             Requested size: 86.72284pt x 86.72284pt.
<images/logocfm.png, id=262, 200.75pt x 200.75pt>
File: images/logocfm.png Graphic file (type png)
<use images/logocfm.png>
Package pdftex.def Info: images/logocfm.png  used on input line 8.
(pdftex.def)             Requested size: 86.72514pt x 86.72514pt.
LaTeX Font Info:    Font shape `T1/ptm/bx/n' in size <12> not available
(Font)              Font shape `T1/ptm/b/n' tried instead on input line 22.
LaTeX Font Info:    Font shape `T1/ptm/bx/n' in size <24> not available
(Font)              Font shape `T1/ptm/b/n' tried instead on input line 22.
 [1




{/var/lib/texmf/fonts/map/pdftex/updmap/pdftex.map} <./images/logotelecom.png> 
<./images/logocfm.png>] [2

])
LaTeX Font Info:    Font shape `T1/ptm/bx/n' in size <24.88> not available
(Font)              Font shape `T1/ptm/b/n' tried instead on input line 289.
 (./main.toc
LaTeX Font Info:    Try loading font information for OT1+ztmcm on input line 2.


(/usr/share/texlive/texmf-dist/tex/latex/psnfss/ot1ztmcm.fd
File: ot1ztmcm.fd 2000/01/03 Fontinst v1.801 font definitions for OT1/ztmcm.
)
LaTeX Font Info:    Try loading font information for OML+ztmcm on input line 2.


(/usr/share/texlive/texmf-dist/tex/latex/psnfss/omlztmcm.fd
File: omlztmcm.fd 2000/01/03 Fontinst v1.801 font definitions for OML/ztmcm.
)
LaTeX Font Info:    Try loading font information for OMS+ztmcm on input line 2.


(/usr/share/texlive/texmf-dist/tex/latex/psnfss/omsztmcm.fd
File: omsztmcm.fd 2000/01/03 Fontinst v1.801 font definitions for OMS/ztmcm.
)
LaTeX Font Info:    Try loading font information for OMX+ztmcm on input line 2.


(/usr/share/texlive/texmf-dist/tex/latex/psnfss/omxztmcm.fd
File: omxztmcm.fd 2000/01/03 Fontinst v1.801 font definitions for OMX/ztmcm.
)
LaTeX Font Info:    Try loading font information for OT1+ptm on input line 2.

(/usr/share/texlive/texmf-dist/tex/latex/psnfss/ot1ptm.fd
File: ot1ptm.fd 2001/06/04 font definitions for OT1/ptm.
)
LaTeX Font Info:    Font shape `OT1/ptm/bx/n' in size <12> not available
(Font)              Font shape `OT1/ptm/b/n' tried instead on input line 2.
LaTeX Font Info:    Font shape `OT1/ptm/bx/n' in size <9> not available
(Font)              Font shape `OT1/ptm/b/n' tried instead on input line 2.
LaTeX Font Info:    Font shape `OT1/ptm/bx/n' in size <7> not available
(Font)              Font shape `OT1/ptm/b/n' tried instead on input line 2.
 [3

]
Underfull \vbox (badness 1735) has occurred while \output is active []

 [4])
\tf@toc=\write7
\openout7 = `main.toc'.


[5] [6

] (./sections/chapter1_section1.tex
Chapter 1.
LaTeX Font Info:    Font shape `T1/ptm/bx/n' in size <22> not available
(Font)              Font shape `T1/ptm/b/n' tried instead on input line 1.
LaTeX Font Info:    Font shape `T1/ptm/bx/n' in size <16> not available
(Font)              Font shape `T1/ptm/b/n' tried instead on input line 4.
<images/cfm_products.png, id=357, 1163.84813pt x 450.18187pt>
File: images/cfm_products.png Graphic file (type png)
<use images/cfm_products.png>
Package pdftex.def Info: images/cfm_products.png  used on input line 20.
(pdftex.def)             Requested size: 465.531pt x 180.06955pt.

Overfull \hbox (12.56311pt too wide) in paragraph at lines 20--21
 [][] 
 []


Underfull \vbox (badness 10000) has occurred while \output is active []

 [1

])
(./sections/chapter1_section2.tex
Underfull \vbox (badness 2088) has occurred while \output is active []

 [2 <./images/cfm_products.png>]) (./sections/chapter2_section1.tex [3]
Chapter 2.
<images/rmse_gdp_ea.png, id=377, 377.91188pt x 274.77657pt>
File: images/rmse_gdp_ea.png Graphic file (type png)
<use images/rmse_gdp_ea.png>
Package pdftex.def Info: images/rmse_gdp_ea.png  used on input line 22.
(pdftex.def)             Requested size: 194.77287pt x 141.61841pt.
LaTeX Font Info:    Font shape `T1/ptm/bx/n' in size <10.95> not available
(Font)              Font shape `T1/ptm/b/n' tried instead on input line 24.
<images/rmse_gdp_it.png, id=378, 347.04657pt x 271.0125pt>
File: images/rmse_gdp_it.png Graphic file (type png)
<use images/rmse_gdp_it.png>
Package pdftex.def Info: images/rmse_gdp_it.png  used on input line 30.
(pdftex.def)             Requested size: 181.18439pt x 141.49384pt.

Underfull \vbox (badness 10000) has occurred while \output is active []

 [4

]
<images/rmse_business_ea.png, id=386, 505.89pt x 399.4925pt>
File: images/rmse_business_ea.png Graphic file (type png)
<use images/rmse_business_ea.png>
Package pdftex.def Info: images/rmse_business_ea.png  used on input line 51.
(pdftex.def)             Requested size: 194.77287pt x 153.80812pt.
<images/rmse_car_ea.png, id=387, 501.875pt x 399.4925pt>
File: images/rmse_car_ea.png Graphic file (type png)
<use images/rmse_car_ea.png>
Package pdftex.def Info: images/rmse_car_ea.png  used on input line 59.
(pdftex.def)             Requested size: 194.77287pt x 155.03947pt.
)
(./sections/chapter2_section2.tex [5 <./images/rmse_gdp_ea.png> <./images/rmse_
gdp_it.png> <./images/rmse_business_ea.png> <./images/rmse_car_ea.png>]
Underfull \vbox (badness 10000) has occurred while \output is active []

 [6])
(./sections/chapter2_section3.tex
<images/information_dataframe.png, id=423, 748.29562pt x 642.14906pt>
File: images/information_dataframe.png Graphic file (type png)
<use images/information_dataframe.png>
Package pdftex.def Info: images/information_dataframe.png  used on input line 8
.
(pdftex.def)             Requested size: 463.93849pt x 398.1283pt.

Overfull \hbox (10.9706pt too wide) in paragraph at lines 8--9
 [][] 
 []


Underfull \vbox (badness 10000) has occurred while \output is active []

 [7]
[8 <./images/information_dataframe.png>] [9]
<images/processed_features.png, id=458, 1053.9375pt x 1822.81pt>
File: images/processed_features.png Graphic file (type png)
<use images/processed_features.png>
Package pdftex.def Info: images/processed_features.png  used on input line 40.
(pdftex.def)             Requested size: 379.4172pt x 656.2111pt.

Overfull \vbox (9.11179pt too high) has occurred while \output is active []


[10 <./images/processed_features.png>]
<images/small_dataset_dataframe.png, id=467, 713.66624pt x 200.24812pt>
File: images/small_dataset_dataframe.png Graphic file (type png)
<use images/small_dataset_dataframe.png>
Package pdftex.def Info: images/small_dataset_dataframe.png  used on input line
 49.
(pdftex.def)             Requested size: 449.6121pt x 126.15698pt.
) (./sections/chapter3_section1.tex
[11 <./images/small_dataset_dataframe.png>]
Chapter 3.
LaTeX Font Info:    Font shape `T1/ptm/bx/n' in size <14.4> not available
(Font)              Font shape `T1/ptm/b/n' tried instead on input line 12.
[12

]
Underfull \hbox (badness 10000) in paragraph at lines 56--59

 []

[13] [14]
<images/structural_factors.png, id=523, 614.295pt x 520.94624pt>
File: images/structural_factors.png Graphic file (type png)
<use images/structural_factors.png>
Package pdftex.def Info: images/structural_factors.png  used on input line 110.

(pdftex.def)             Requested size: 307.14674pt x 260.47249pt.
<images/dfm_gdp.png, id=524, 605.26125pt x 495.8525pt>
File: images/dfm_gdp.png Graphic file (type png)
<use images/dfm_gdp.png>
Package pdftex.def Info: images/dfm_gdp.png  used on input line 117.
(pdftex.def)             Requested size: 242.1002pt x 198.33748pt.
 [15 <./images/structural_factors.png> <./images/dfm_gdp.png>]
<images/factor_correlations.png, id=534, 1044.90375pt x 350.30875pt>
File: images/factor_correlations.png Graphic file (type png)
<use images/factor_correlations.png>
Package pdftex.def Info: images/factor_correlations.png  used on input line 126
.
(pdftex.def)             Requested size: 449.29985pt x 150.62982pt.
)
(./sections/chapter3_section2.tex [16 <./images/factor_correlations.png>]
[17]
LaTeX Font Info:    Font shape `OT1/ptm/bx/n' in size <14.4> not available
(Font)              Font shape `OT1/ptm/b/n' tried instead on input line 33.
LaTeX Font Info:    Font shape `OT1/ptm/bx/n' in size <10.95> not available
(Font)              Font shape `OT1/ptm/b/n' tried instead on input line 33.
LaTeX Font Info:    Font shape `OT1/ptm/bx/n' in size <8> not available
(Font)              Font shape `OT1/ptm/b/n' tried instead on input line 33.
LaTeX Font Info:    Font shape `OT1/ptm/bx/n' in size <17.28> not available
(Font)              Font shape `OT1/ptm/b/n' tried instead on input line 33.
LaTeX Font Info:    Font shape `OT1/ptm/bx/n' in size <10> not available
(Font)              Font shape `OT1/ptm/b/n' tried instead on input line 33.
LaTeX Font Info:    Font shape `OT1/ptm/bx/n' in size <20.74> not available
(Font)              Font shape `OT1/ptm/b/n' tried instead on input line 33.
 [18]
<images/lag_polynomials.png, id=583, 963.6pt x 402.50375pt>
File: images/lag_polynomials.png Graphic file (type png)
<use images/lag_polynomials.png>
Package pdftex.def Info: images/lag_polynomials.png  used on input line 73.
(pdftex.def)             Requested size: 452.89207pt x 189.17679pt.
 [19 <./images/lag_polynomials.png>]
Underfull \vbox (badness 10000) has occurred while \output is active []

 [20]
Underfull \vbox (badness 6396) has occurred while \output is active []

 [21]
Overfull \hbox (14.70456pt too wide) detected at line 196
$\OML/ztmcm/m/it/12 Y \OT1/ztmcm/m/n/12 = []  \OML/ztmcm/m/it/12 X[] \OT1/ztmcm
/m/n/12 = []$  
 []

[22]
<images/lag_structure.png, id=639, 969.6225pt x 400.49625pt>
File: images/lag_structure.png Graphic file (type png)
<use images/lag_structure.png>
Package pdftex.def Info: images/lag_structure.png  used on input line 212.
(pdftex.def)             Requested size: 446.03177pt x 184.2305pt.

Overfull \hbox (0.37599pt too wide) in paragraph at lines 219--220
[]\T1/ptm/m/n/12 The strong pos-i-tive cor-re-la-tions with in-dus-trial pro-du
c-tion and busi-ness con-fi-dence in-dex makes
 []

[23 <./images/lag_structure.png>]) (./sections/chapter3_section3.tex
Overfull \hbox (9.79677pt too wide) in paragraph at lines 5--6
\T1/ptm/m/n/12 Mixed fre-quency Bayesian VARs have been pro-posed re-cently as 
an ex-ten-sion to reg-u-lar Bayesian
 []


Underfull \vbox (badness 1163) has occurred while \output is active []

 [24]
Underfull \vbox (badness 4569) has occurred while \output is active []

 [25]
Underfull \vbox (badness 10000) has occurred while \output is active []

 [26]
Underfull \vbox (badness 10000) has occurred while \output is active []

 [27]
[28] [29]
<images/quarterly_gdp.png, id=728, 541.27219pt x 348.55219pt>
File: images/quarterly_gdp.png Graphic file (type png)
<use images/quarterly_gdp.png>
Package pdftex.def Info: images/quarterly_gdp.png  used on input line 224.
(pdftex.def)             Requested size: 317.07614pt x 204.18674pt.
<images/monthly_gdp.png, id=729, 541.27219pt x 323.70938pt>
File: images/monthly_gdp.png Graphic file (type png)
<use images/monthly_gdp.png>
Package pdftex.def Info: images/monthly_gdp.png  used on input line 229.
(pdftex.def)             Requested size: 317.07614pt x 189.63348pt.
 [30 <./images/quarterly_gdp.png> <./images/monthly_gdp.png>])
(./sections/chapter3_section4.tex [31] [32]) (./sections/chapter3_section5.tex
[33]
Overfull \hbox (10.72783pt too wide) in paragraph at lines 71--72
[]\T1/ptm/m/n/12 For $\OML/ztmcm/m/it/12 ^^L$\T1/ptm/m/n/12 , a nat-u-ral choic
e con-sists in as-sum-ing a mul-ti-vari-ate nor-mal dis-tri-bu-tion: $\OML/ztmc
m/m/it/12 ^^Y\OT1/ztmcm/m/n/12 (\OML/ztmcm/m/it/12 ^^L\OT1/ztmcm/m/n/12 ) \OMS/
ztmcm/m/n/12 ^^X \OML/ztmcm/m/it/12 N\OT1/ztmcm/m/n/12 (\OML/ztmcm/m/it/12 ^^L[
]; \OT1/ztmcm/m/n/12 
[])$\T1/ptm/m/n/12 .
 []

[34]
Overfull \hbox (0.64018pt too wide) in paragraph at lines 98--99
[]\T1/ptm/m/n/12 2. for co-ef-fi-cients re-lat-ing vari-able $\OML/ztmcm/m/it/1
2 i$ \T1/ptm/m/n/12 to vari-able $\OML/ztmcm/m/it/12 j$\T1/ptm/m/n/12 , the var
i-ance is given by: $\OT1/ztmcm/m/n/12 (\OML/ztmcm/m/it/12 ^^[[]=^^[[]\OT1/ztmc
m/m/n/12 )(\OML/ztmcm/m/it/12 ^^U[]^^U[]=l[]\OT1/ztmcm/m/n/12 )[]$\T1/ptm/m/n/1
2 ,
 []


Underfull \vbox (badness 10000) has occurred while \output is active []

 [35]
[36] [37] [38] [39]
Overfull \hbox (5.42064pt too wide) in paragraph at lines 269--271
 [][] 
 []

[40]) (./sections/chapter3_section6.tex
Underfull \vbox (badness 6016) has occurred while \output is active []

 [41]
Underfull \vbox (badness 10000) has occurred while \output is active []

 [42]
[43] [44]
Overfull \hbox (11.98828pt too wide) in paragraph at lines 166--167
\T1/ptm/m/n/12 ob-tains that the con-di-tional pos-te-rior $\OML/ztmcm/m/it/12 
^^Y\OT1/ztmcm/m/n/12 (\OML/ztmcm/m/it/12 ^^L[]\OMS/ztmcm/m/n/12 j\OML/ztmcm/m/i
t/12 y; \OMS/ztmcm/m/n/12 n\OML/ztmcm/m/it/12 ^^L[]\OT1/ztmcm/m/n/12 )$ \T1/ptm
/m/n/12 is given by $\OML/ztmcm/m/it/12 ^^Y\OT1/ztmcm/m/n/12 (\OML/ztmcm/m/it/1
2 ^^L[]\OMS/ztmcm/m/n/12 j\OML/ztmcm/m/it/12 y; \OMS/ztmcm/m/n/12 n\OML/ztmcm/m
/it/12 ^^L[]\OT1/ztmcm/m/n/12 ) \OMS/ztmcm/m/n/12 / \OML/ztmcm/m/it/12 f\OT1/zt
mcm/m/n/12 (\OML/ztmcm/m/it/12 y\OMS/ztmcm/m/n/12 j\OML/ztmcm/m/it/12 ^^L; ^^U;
 ^^N; r\OT1/ztmcm/m/n/12 )\OML/ztmcm/m/it/12 ^^Y\OT1/ztmcm/m/n/12 (\OML/ztmcm/m
/it/12 ^^L[]\OMS/ztmcm/m/n/12 j\OT1/ztmcm/m/n/12 
[])$\T1/ptm/m/n/12 .
 []


Underfull \vbox (badness 10000) has occurred while \output is active []

 [45]
LaTeX Font Info:    Try loading font information for U+bbmss on input line 196.


(/usr/share/texlive/texmf-dist/tex/latex/bbm-macros/ubbmss.fd
File: ubbmss.fd 1999/03/15 V 1.2 Font definition for bbmss font - TH
) [46]
Underfull \vbox (badness 10000) has occurred while \output is active []

 [47]
[48]
Overfull \hbox (28.00398pt too wide) in paragraph at lines 322--323
[]\T1/ptm/m/n/12 2. for $\OML/ztmcm/m/it/12 i \OT1/ztmcm/m/n/12 = 1\OML/ztmcm/m
/it/12 ; []  ; n$\T1/ptm/m/n/12 , ob-tain val-ues for $\OML/ztmcm/m/it/12 ^^U[]
; ^^N[]; []  ; ^^U[]; ^^N[]$ \T1/ptm/m/n/12 from [][](3.74)[][]. Re-cover $\OT1
/ztmcm/m/n/12 ^^F[]\OML/ztmcm/m/it/12 ; []  ; \OT1/ztmcm/m/n/12 ^^F[]$
 []

[49]
<images/stochastic_volatility.png, id=958, 1051.93pt x 961.5925pt>
File: images/stochastic_volatility.png Graphic file (type png)
<use images/stochastic_volatility.png>
Package pdftex.def Info: images/stochastic_volatility.png  used on input line 3
42.
(pdftex.def)             Requested size: 462.85063pt x 423.102pt.

Overfull \hbox (9.88274pt too wide) in paragraph at lines 342--343
 [][] 
 []

[50 <./images/stochastic_volatility.png>]) (./sections/chapter3_section7.tex
<images/neural_network.jpeg, id=972, 585.18625pt x 445.665pt>
File: images/neural_network.jpeg Graphic file (type jpg)
<use images/neural_network.jpeg>
Package pdftex.def Info: images/neural_network.jpeg  used on input line 16.
(pdftex.def)             Requested size: 292.5924pt x 222.83195pt.

[51 <./images/neural_network.jpeg>]
<images/deep_rnn.png, id=981, 752.8125pt x 803.0pt>
File: images/deep_rnn.png Graphic file (type png)
<use images/deep_rnn.png>
Package pdftex.def Info: images/deep_rnn.png  used on input line 51.
(pdftex.def)             Requested size: 263.48831pt x 281.05421pt.

Underfull \vbox (badness 10000) has occurred while \output is active []

 [52]
[53 <./images/deep_rnn.png>]
<images/lstm.png, id=997, 1803.73875pt x 1306.8825pt>
File: images/lstm.png Graphic file (type png)
<use images/lstm.png>
Package pdftex.def Info: images/lstm.png  used on input line 73.
(pdftex.def)             Requested size: 360.74136pt x 261.37187pt.
 [54 <./images/lstm.png>] [55])
(./sections/chapter3_section8.tex
<images/regression_tree.png, id=1019, 1006.51031pt x 515.67656pt>
File: images/regression_tree.png Graphic file (type png)
<use images/regression_tree.png>
Package pdftex.def Info: images/regression_tree.png  used on input line 16.
(pdftex.def)             Requested size: 452.92546pt x 232.0523pt.

Underfull \vbox (badness 2103) has occurred while \output is active []

 [56 <./images/regression_tree.png>] [57]
Underfull \vbox (badness 4013) has occurred while \output is active []

 [58]
<images/variable_importance.png, id=1048, 872.25874pt x 606.265pt>
File: images/variable_importance.png Graphic file (type png)
<use images/variable_importance.png>
Package pdftex.def Info: images/variable_importance.png  used on input line 90.

(pdftex.def)             Requested size: 436.1283pt x 303.13176pt.

[59 <./images/variable_importance.png>]
<images/variable_importance_others.png, id=1057, 991.705pt x 865.2325pt>
File: images/variable_importance_others.png Graphic file (type png)
<use images/variable_importance_others.png>
Package pdftex.def Info: images/variable_importance_others.png  used on input l
ine 101.
(pdftex.def)             Requested size: 495.85129pt x 432.61519pt.

Overfull \hbox (42.88339pt too wide) in paragraph at lines 101--102
 [][] 
 []

[60 <./images/variable_importance_others.png>])
(./sections/chapter3_section9.tex [61] [62]) (./sections/chapter4_section1.tex
[63]
Chapter 4.
[64

]) (./sections/chapter4_section2.tex
Overfull \hbox (8.42772pt too wide) in paragraph at lines 5--6
\T1/ptm/m/n/12 MI-DAS re-gres-sion and mixed fre-quency Bayesian VAR), 3 econo-
met-rics mod-els (VAR, Bayesian
 []


Underfull \vbox (badness 10000) has occurred while \output is active []

 [65]
Underfull \vbox (badness 10000) has occurred while \output is active []

 [66]
[67]
LaTeX Font Info:    Font shape `OT1/ptm/bx/n' in size <7.4> not available
(Font)              Font shape `OT1/ptm/b/n' tried instead on input line 27.
LaTeX Font Info:    Font shape `OT1/ptm/bx/n' in size <6> not available
(Font)              Font shape `OT1/ptm/b/n' tried instead on input line 27.
) (./sections/chapter4_section3.tex [68]
<images/predictions.png, id=1130, 1437.37pt x 1581.91pt>
File: images/predictions.png Graphic file (type png)
<use images/predictions.png>
Package pdftex.def Info: images/predictions.png  used on input line 14.
(pdftex.def)             Requested size: 459.9678pt x 506.22154pt.

Overfull \hbox (6.99991pt too wide) in paragraph at lines 14--15
 [][] 
 []

[69 <./images/predictions.png>] [70]
Underfull \vbox (badness 10000) has occurred while \output is active []

 [71]
Underfull \vbox (badness 10000) has occurred while \output is active []

 [72]
Underfull \vbox (badness 10000) has occurred while \output is active []

 [73])
(./sections/chapter4_section4.tex [74]
<images/feature_correlations.png, id=1165, 560.0925pt x 594.22pt>
File: images/feature_correlations.png Graphic file (type png)
<use images/feature_correlations.png>
Package pdftex.def Info: images/feature_correlations.png  used on input line 9.

(pdftex.def)             Requested size: 280.04556pt x 297.10927pt.
 [75 <./images/feature_correlations.png>] [76] [77]
<images/predictions_mfbvar_rf.png, id=1192, 1437.37pt x 1581.91pt>
File: images/predictions_mfbvar_rf.png Graphic file (type png)
<use images/predictions_mfbvar_rf.png>
Package pdftex.def Info: images/predictions_mfbvar_rf.png  used on input line 1
50.
(pdftex.def)             Requested size: 459.9678pt x 506.22154pt.

Overfull \hbox (6.99991pt too wide) in paragraph at lines 150--151
 [][] 
 []

[78] [79 <./images/predictions_mfbvar_rf.png>])
(./sections/chapter4_section5.tex [80]) [81] (./main.bbl [82



] [83]) [84]
(./sections/appendix1.tex
Underfull \vbox (badness 10000) has occurred while \output is active []

 [85


]
<images/nowcasting_report.pdf, id=1234, 598.15468pt x 846.0408pt>
File: images/nowcasting_report.pdf Graphic file (type pdf)
<use images/nowcasting_report.pdf>
Package pdftex.def Info: images/nowcasting_report.pdf  used on input line 12.
(pdftex.def)             Requested size: 598.15321pt x 846.03874pt.
File: images/nowcasting_report.pdf Graphic file (type pdf)
<use images/nowcasting_report.pdf>
Package pdftex.def Info: images/nowcasting_report.pdf  used on input line 12.
(pdftex.def)             Requested size: 598.15321pt x 846.03874pt.
<images/nowcasting_report.pdf, id=1237, page=1, 598.15468pt x 846.0408pt>
File: images/nowcasting_report.pdf Graphic file (type pdf)
<use images/nowcasting_report.pdf, page 1>
Package pdftex.def Info: images/nowcasting_report.pdf , page1 used on input lin
e 12.
(pdftex.def)             Requested size: 598.15321pt x 846.03874pt.
File: images/nowcasting_report.pdf Graphic file (type pdf)
<use images/nowcasting_report.pdf, page 1>
Package pdftex.def Info: images/nowcasting_report.pdf , page1 used on input lin
e 12.
(pdftex.def)             Requested size: 597.4778pt x 845.08344pt.
File: images/nowcasting_report.pdf Graphic file (type pdf)
<use images/nowcasting_report.pdf, page 1>
Package pdftex.def Info: images/nowcasting_report.pdf , page1 used on input lin
e 12.
(pdftex.def)             Requested size: 597.4778pt x 845.08344pt.
File: images/nowcasting_report.pdf Graphic file (type pdf)
<use images/nowcasting_report.pdf, page 1>
Package pdftex.def Info: images/nowcasting_report.pdf , page1 used on input lin
e 12.
(pdftex.def)             Requested size: 597.4778pt x 845.08344pt.
File: images/nowcasting_report.pdf Graphic file (type pdf)
<use images/nowcasting_report.pdf, page 1>
Package pdftex.def Info: images/nowcasting_report.pdf , page1 used on input lin
e 12.
(pdftex.def)             Requested size: 597.4778pt x 845.08344pt.

[86 <./images/nowcasting_report.pdf>]
<images/nowcasting_report.pdf, id=1254, page=2, 598.15468pt x 846.0408pt>
File: images/nowcasting_report.pdf Graphic file (type pdf)
<use images/nowcasting_report.pdf, page 2>
Package pdftex.def Info: images/nowcasting_report.pdf , page2 used on input lin
e 12.
(pdftex.def)             Requested size: 597.4778pt x 845.08344pt.
File: images/nowcasting_report.pdf Graphic file (type pdf)
<use images/nowcasting_report.pdf, page 2>
Package pdftex.def Info: images/nowcasting_report.pdf , page2 used on input lin
e 12.
(pdftex.def)             Requested size: 597.4778pt x 845.08344pt.
File: images/nowcasting_report.pdf Graphic file (type pdf)
<use images/nowcasting_report.pdf, page 2>
Package pdftex.def Info: images/nowcasting_report.pdf , page2 used on input lin
e 12.
(pdftex.def)             Requested size: 597.4778pt x 845.08344pt.
 [87 <./images/nowcasting_report.pdf>]
<images/nowcasting_report.pdf, id=1261, page=3, 598.15468pt x 846.0408pt>
File: images/nowcasting_report.pdf Graphic file (type pdf)
<use images/nowcasting_report.pdf, page 3>
Package pdftex.def Info: images/nowcasting_report.pdf , page3 used on input lin
e 12.
(pdftex.def)             Requested size: 597.4778pt x 845.08344pt.
File: images/nowcasting_report.pdf Graphic file (type pdf)
<use images/nowcasting_report.pdf, page 3>
Package pdftex.def Info: images/nowcasting_report.pdf , page3 used on input lin
e 12.
(pdftex.def)             Requested size: 597.4778pt x 845.08344pt.
File: images/nowcasting_report.pdf Graphic file (type pdf)
<use images/nowcasting_report.pdf, page 3>
Package pdftex.def Info: images/nowcasting_report.pdf , page3 used on input lin
e 12.
(pdftex.def)             Requested size: 597.4778pt x 845.08344pt.

[88 <./images/nowcasting_report.pdf>]
<images/nowcasting_report.pdf, id=1270, page=4, 598.15468pt x 846.0408pt>
File: images/nowcasting_report.pdf Graphic file (type pdf)
<use images/nowcasting_report.pdf, page 4>
Package pdftex.def Info: images/nowcasting_report.pdf , page4 used on input lin
e 12.
(pdftex.def)             Requested size: 597.4778pt x 845.08344pt.
File: images/nowcasting_report.pdf Graphic file (type pdf)
<use images/nowcasting_report.pdf, page 4>
Package pdftex.def Info: images/nowcasting_report.pdf , page4 used on input lin
e 12.
(pdftex.def)             Requested size: 597.4778pt x 845.08344pt.
File: images/nowcasting_report.pdf Graphic file (type pdf)
<use images/nowcasting_report.pdf, page 4>
Package pdftex.def Info: images/nowcasting_report.pdf , page4 used on input lin
e 12.
(pdftex.def)             Requested size: 597.4778pt x 845.08344pt.
 [89 <./images/nowcasting_report.pdf>]
<images/nowcasting_report.pdf, id=1277, page=5, 598.15468pt x 846.0408pt>
File: images/nowcasting_report.pdf Graphic file (type pdf)
<use images/nowcasting_report.pdf, page 5>
Package pdftex.def Info: images/nowcasting_report.pdf , page5 used on input lin
e 12.
(pdftex.def)             Requested size: 597.4778pt x 845.08344pt.
File: images/nowcasting_report.pdf Graphic file (type pdf)
<use images/nowcasting_report.pdf, page 5>
Package pdftex.def Info: images/nowcasting_report.pdf , page5 used on input lin
e 12.
(pdftex.def)             Requested size: 597.4778pt x 845.08344pt.
File: images/nowcasting_report.pdf Graphic file (type pdf)
<use images/nowcasting_report.pdf, page 5>
Package pdftex.def Info: images/nowcasting_report.pdf , page5 used on input lin
e 12.
(pdftex.def)             Requested size: 597.4778pt x 845.08344pt.

[90 <./images/nowcasting_report.pdf>]
<images/nowcasting_report.pdf, id=1286, page=6, 598.15468pt x 846.0408pt>
File: images/nowcasting_report.pdf Graphic file (type pdf)
<use images/nowcasting_report.pdf, page 6>
Package pdftex.def Info: images/nowcasting_report.pdf , page6 used on input lin
e 12.
(pdftex.def)             Requested size: 597.4778pt x 845.08344pt.
File: images/nowcasting_report.pdf Graphic file (type pdf)
<use images/nowcasting_report.pdf, page 6>
Package pdftex.def Info: images/nowcasting_report.pdf , page6 used on input lin
e 12.
(pdftex.def)             Requested size: 597.4778pt x 845.08344pt.
File: images/nowcasting_report.pdf Graphic file (type pdf)
<use images/nowcasting_report.pdf, page 6>
Package pdftex.def Info: images/nowcasting_report.pdf , page6 used on input lin
e 12.
(pdftex.def)             Requested size: 597.4778pt x 845.08344pt.
 [91 <./images/nowcasting_report.pdf>]
<images/nowcasting_report.pdf, id=1296, page=7, 598.15468pt x 846.0408pt>
File: images/nowcasting_report.pdf Graphic file (type pdf)
<use images/nowcasting_report.pdf, page 7>
Package pdftex.def Info: images/nowcasting_report.pdf , page7 used on input lin
e 12.
(pdftex.def)             Requested size: 597.4778pt x 845.08344pt.
File: images/nowcasting_report.pdf Graphic file (type pdf)
<use images/nowcasting_report.pdf, page 7>
Package pdftex.def Info: images/nowcasting_report.pdf , page7 used on input lin
e 12.
(pdftex.def)             Requested size: 597.4778pt x 845.08344pt.
File: images/nowcasting_report.pdf Graphic file (type pdf)
<use images/nowcasting_report.pdf, page 7>
Package pdftex.def Info: images/nowcasting_report.pdf , page7 used on input lin
e 12.
(pdftex.def)             Requested size: 597.4778pt x 845.08344pt.

[92 <./images/nowcasting_report.pdf>]
<images/nowcasting_report.pdf, id=1305, page=8, 598.15468pt x 846.0408pt>
File: images/nowcasting_report.pdf Graphic file (type pdf)
<use images/nowcasting_report.pdf, page 8>
Package pdftex.def Info: images/nowcasting_report.pdf , page8 used on input lin
e 12.
(pdftex.def)             Requested size: 597.4778pt x 845.08344pt.
File: images/nowcasting_report.pdf Graphic file (type pdf)
<use images/nowcasting_report.pdf, page 8>
Package pdftex.def Info: images/nowcasting_report.pdf , page8 used on input lin
e 12.
(pdftex.def)             Requested size: 597.4778pt x 845.08344pt.
File: images/nowcasting_report.pdf Graphic file (type pdf)
<use images/nowcasting_report.pdf, page 8>
Package pdftex.def Info: images/nowcasting_report.pdf , page8 used on input lin
e 12.
(pdftex.def)             Requested size: 597.4778pt x 845.08344pt.
 [93 <./images/nowcasting_report.pdf>]
<images/nowcasting_report.pdf, id=1312, page=9, 598.15468pt x 846.0408pt>
File: images/nowcasting_report.pdf Graphic file (type pdf)
<use images/nowcasting_report.pdf, page 9>
Package pdftex.def Info: images/nowcasting_report.pdf , page9 used on input lin
e 12.
(pdftex.def)             Requested size: 597.4778pt x 845.08344pt.
File: images/nowcasting_report.pdf Graphic file (type pdf)
<use images/nowcasting_report.pdf, page 9>
Package pdftex.def Info: images/nowcasting_report.pdf , page9 used on input lin
e 12.
(pdftex.def)             Requested size: 597.4778pt x 845.08344pt.
File: images/nowcasting_report.pdf Graphic file (type pdf)
<use images/nowcasting_report.pdf, page 9>
Package pdftex.def Info: images/nowcasting_report.pdf , page9 used on input lin
e 12.
(pdftex.def)             Requested size: 597.4778pt x 845.08344pt.

[94 <./images/nowcasting_report.pdf>]
<images/nowcasting_report.pdf, id=1321, page=10, 598.15468pt x 846.0408pt>
File: images/nowcasting_report.pdf Graphic file (type pdf)
<use images/nowcasting_report.pdf, page 10>
Package pdftex.def Info: images/nowcasting_report.pdf , page10 used on input li
ne 12.
(pdftex.def)             Requested size: 597.4778pt x 845.08344pt.
File: images/nowcasting_report.pdf Graphic file (type pdf)
<use images/nowcasting_report.pdf, page 10>
Package pdftex.def Info: images/nowcasting_report.pdf , page10 used on input li
ne 12.
(pdftex.def)             Requested size: 597.4778pt x 845.08344pt.
File: images/nowcasting_report.pdf Graphic file (type pdf)
<use images/nowcasting_report.pdf, page 10>
Package pdftex.def Info: images/nowcasting_report.pdf , page10 used on input li
ne 12.
(pdftex.def)             Requested size: 597.4778pt x 845.08344pt.
 [95 <./images/nowcasting_report.pdf>]
<images/nowcasting_report.pdf, id=1330, page=11, 598.15468pt x 846.0408pt>
File: images/nowcasting_report.pdf Graphic file (type pdf)
<use images/nowcasting_report.pdf, page 11>
Package pdftex.def Info: images/nowcasting_report.pdf , page11 used on input li
ne 12.
(pdftex.def)             Requested size: 597.4778pt x 845.08344pt.
File: images/nowcasting_report.pdf Graphic file (type pdf)
<use images/nowcasting_report.pdf, page 11>
Package pdftex.def Info: images/nowcasting_report.pdf , page11 used on input li
ne 12.
(pdftex.def)             Requested size: 597.4778pt x 845.08344pt.
File: images/nowcasting_report.pdf Graphic file (type pdf)
<use images/nowcasting_report.pdf, page 11>
Package pdftex.def Info: images/nowcasting_report.pdf , page11 used on input li
ne 12.
(pdftex.def)             Requested size: 597.4778pt x 845.08344pt.

[96 <./images/nowcasting_report.pdf>]
<images/nowcasting_report.pdf, id=1339, page=12, 598.15468pt x 846.0408pt>
File: images/nowcasting_report.pdf Graphic file (type pdf)
<use images/nowcasting_report.pdf, page 12>
Package pdftex.def Info: images/nowcasting_report.pdf , page12 used on input li
ne 12.
(pdftex.def)             Requested size: 597.4778pt x 845.08344pt.
File: images/nowcasting_report.pdf Graphic file (type pdf)
<use images/nowcasting_report.pdf, page 12>
Package pdftex.def Info: images/nowcasting_report.pdf , page12 used on input li
ne 12.
(pdftex.def)             Requested size: 597.4778pt x 845.08344pt.
File: images/nowcasting_report.pdf Graphic file (type pdf)
<use images/nowcasting_report.pdf, page 12>
Package pdftex.def Info: images/nowcasting_report.pdf , page12 used on input li
ne 12.
(pdftex.def)             Requested size: 597.4778pt x 845.08344pt.
 [97 <./images/nowcasting_report.pdf>]
<images/nowcasting_report.pdf, id=1349, page=13, 598.15468pt x 846.0408pt>
File: images/nowcasting_report.pdf Graphic file (type pdf)
<use images/nowcasting_report.pdf, page 13>
Package pdftex.def Info: images/nowcasting_report.pdf , page13 used on input li
ne 12.
(pdftex.def)             Requested size: 597.4778pt x 845.08344pt.
File: images/nowcasting_report.pdf Graphic file (type pdf)
<use images/nowcasting_report.pdf, page 13>
Package pdftex.def Info: images/nowcasting_report.pdf , page13 used on input li
ne 12.
(pdftex.def)             Requested size: 597.4778pt x 845.08344pt.
File: images/nowcasting_report.pdf Graphic file (type pdf)
<use images/nowcasting_report.pdf, page 13>
Package pdftex.def Info: images/nowcasting_report.pdf , page13 used on input li
ne 12.
(pdftex.def)             Requested size: 597.4778pt x 845.08344pt.

[98 <./images/nowcasting_report.pdf>]
<images/nowcasting_report.pdf, id=1358, page=14, 598.15468pt x 846.0408pt>
File: images/nowcasting_report.pdf Graphic file (type pdf)
<use images/nowcasting_report.pdf, page 14>
Package pdftex.def Info: images/nowcasting_report.pdf , page14 used on input li
ne 12.
(pdftex.def)             Requested size: 597.4778pt x 845.08344pt.
File: images/nowcasting_report.pdf Graphic file (type pdf)
<use images/nowcasting_report.pdf, page 14>
Package pdftex.def Info: images/nowcasting_report.pdf , page14 used on input li
ne 12.
(pdftex.def)             Requested size: 597.4778pt x 845.08344pt.
File: images/nowcasting_report.pdf Graphic file (type pdf)
<use images/nowcasting_report.pdf, page 14>
Package pdftex.def Info: images/nowcasting_report.pdf , page14 used on input li
ne 12.
(pdftex.def)             Requested size: 597.4778pt x 845.08344pt.
 [99 <./images/nowcasting_report.pdf>])
(./sections/appendix2.tex
<images/transformation_dataframe.png, id=1365, 739.26187pt x 641.39626pt>
File: images/transformation_dataframe.png Graphic file (type png)
<use images/transformation_dataframe.png>
Package pdftex.def Info: images/transformation_dataframe.png  used on input lin
e 6.
(pdftex.def)             Requested size: 458.33762pt x 397.66156pt.

Overfull \hbox (5.36972pt too wide) in paragraph at lines 6--7
 [][] 
 []

)
Underfull \vbox (badness 10000) has occurred while \output is active []

 [100 <./images/transformation_dataframe.png>] (./sections/appendix3.tex
Overfull \hbox (19.81729pt too wide) in paragraph at lines 30--32
 [][] 
 []

[101] [102]
Underfull \hbox (badness 10000) in paragraph at lines 89--94

 []

[103])
Package atveryend Info: Empty hook `BeforeClearDocument' on input line 331.
Package atveryend Info: Empty hook `AfterLastShipout' on input line 331.
 (./main.aux)
Package atveryend Info: Executing hook `AtVeryEndDocument' on input line 331.
Package atveryend Info: Executing hook `AtEndAfterFileList' on input line 331.
Package rerunfilecheck Info: File `main.out' has not changed.
(rerunfilecheck)             Checksum: CD7DB9A5C44B6B697C946101B7D6E269;4210.


LaTeX Warning: There were multiply-defined labels.

 ) 
Here is how much of TeX's memory you used:
 22792 strings out of 492982
 400935 string characters out of 6134896
 632658 words of memory out of 5000000
 25397 multiletter control sequences out of 15000+600000
 110614 words of font info for 198 fonts, out of 8000000 for 9000
 1141 hyphenation exceptions out of 8191
 54i,23n,73p,1304b,567s stack positions out of 5000i,500n,10000p,200000b,80000s
 </home/romain/.texlive2017/texmf-var/fonts/pk/ljfour/public/bbm/bbmss12.600p
k> </home/romain/.texlive2017/texmf-var/fonts/pk/ljfour/public/bbm/bbmss9.600pk
>{/usr/share/texlive/texmf-dist/fonts/enc/dvips/base/8r.enc}</usr/share/texlive
/texmf-dist/fonts/type1/public/amsfonts/cm/cmex10.pfb></usr/share/texlive/texmf
-dist/fonts/type1/public/amsfonts/cm/cmmi10.pfb></usr/share/texlive/texmf-dist/
fonts/type1/public/amsfonts/cm/cmmi12.pfb></usr/share/texlive/texmf-dist/fonts/
type1/public/amsfonts/cm/cmmi9.pfb></usr/share/texlive/texmf-dist/fonts/type1/p
ublic/amsfonts/cm/cmr10.pfb></usr/share/texlive/texmf-dist/fonts/type1/public/a
msfonts/cm/cmsy10.pfb></usr/share/texlive/texmf-dist/fonts/type1/public/amsfont
s/symbols/msbm10.pfb></usr/share/texlive/texmf-dist/fonts/type1/urw/symbol/usyr
.pfb></usr/share/texlive/texmf-dist/fonts/type1/urw/symbol/usyr.pfb></usr/share
/texlive/texmf-dist/fonts/type1/urw/times/utmb8a.pfb></usr/share/texlive/texmf-
dist/fonts/type1/urw/times/utmr8a.pfb></usr/share/texlive/texmf-dist/fonts/type
1/urw/times/utmr8a.pfb></usr/share/texlive/texmf-dist/fonts/type1/urw/times/utm
ri8a.pfb>
Output written on main.pdf (109 pages, 4575549 bytes).
PDF statistics:
 1526 PDF objects out of 1728 (max. 8388607)
 1268 compressed objects within 13 object streams
 358 named destinations out of 1000 (max. 500000)
 742 words of extra memory for PDF output out of 10000 (max. 10000000)

