\BOOKMARK [0][-]{chapter.1}{Capital Fund Management}{}% 1
\BOOKMARK [1][-]{section.1.1}{General presentation}{chapter.1}% 2
\BOOKMARK [1][-]{section.1.2}{Data Analytics}{chapter.1}% 3
\BOOKMARK [0][-]{chapter.2}{The project}{}% 4
\BOOKMARK [1][-]{section.2.1}{The Nowcasting.com trial}{chapter.2}% 5
\BOOKMARK [1][-]{section.2.2}{Project design}{chapter.2}% 6
\BOOKMARK [1][-]{section.2.3}{The dataset}{chapter.2}% 7
\BOOKMARK [0][-]{chapter.3}{The models}{}% 8
\BOOKMARK [1][-]{section.3.1}{Nowcasting: the dynamic factor model}{chapter.3}% 9
\BOOKMARK [2][-]{subsection.3.1.1}{Formulation}{section.3.1}% 10
\BOOKMARK [2][-]{subsection.3.1.2}{Estimation}{section.3.1}% 11
\BOOKMARK [2][-]{subsection.3.1.3}{Prediction}{section.3.1}% 12
\BOOKMARK [2][-]{subsection.3.1.4}{Application}{section.3.1}% 13
\BOOKMARK [1][-]{section.3.2}{Nowcasting: MIDAS regression}{chapter.3}% 14
\BOOKMARK [2][-]{subsection.3.2.1}{Formulation}{section.3.2}% 15
\BOOKMARK [2][-]{subsection.3.2.2}{Estimation}{section.3.2}% 16
\BOOKMARK [2][-]{subsection.3.2.3}{Prediction}{section.3.2}% 17
\BOOKMARK [2][-]{subsection.3.2.4}{Application}{section.3.2}% 18
\BOOKMARK [1][-]{section.3.3}{Nowcasting: mixed frequency Bayesian VAR}{chapter.3}% 19
\BOOKMARK [2][-]{subsection.3.3.1}{Formulation}{section.3.3}% 20
\BOOKMARK [2][-]{subsection.3.3.2}{Estimation}{section.3.3}% 21
\BOOKMARK [2][-]{subsection.3.3.3}{Prediction}{section.3.3}% 22
\BOOKMARK [2][-]{subsection.3.3.4}{Application}{section.3.3}% 23
\BOOKMARK [1][-]{section.3.4}{Econometrics: Vector Auto-Regression}{chapter.3}% 24
\BOOKMARK [2][-]{subsection.3.4.1}{Formulation}{section.3.4}% 25
\BOOKMARK [2][-]{subsection.3.4.2}{Estimation}{section.3.4}% 26
\BOOKMARK [2][-]{subsection.3.4.3}{Prediction}{section.3.4}% 27
\BOOKMARK [1][-]{section.3.5}{Econometrics: Bayesian VAR}{chapter.3}% 28
\BOOKMARK [2][-]{subsection.3.5.1}{Formulation}{section.3.5}% 29
\BOOKMARK [2][-]{subsection.3.5.2}{Estimation}{section.3.5}% 30
\BOOKMARK [2][-]{subsection.3.5.3}{Prediction}{section.3.5}% 31
\BOOKMARK [2][-]{subsection.3.5.4}{Application}{section.3.5}% 32
\BOOKMARK [1][-]{section.3.6}{Econometrics: Time-varying Bayesian VAR}{chapter.3}% 33
\BOOKMARK [2][-]{subsection.3.6.1}{Formulation}{section.3.6}% 34
\BOOKMARK [2][-]{subsection.3.6.2}{Estimation}{section.3.6}% 35
\BOOKMARK [2][-]{subsection.3.6.3}{Prediction}{section.3.6}% 36
\BOOKMARK [2][-]{subsection.3.6.4}{Application}{section.3.6}% 37
\BOOKMARK [1][-]{section.3.7}{Machine learning: LSTM}{chapter.3}% 38
\BOOKMARK [2][-]{subsection.3.7.1}{Formulation}{section.3.7}% 39
\BOOKMARK [2][-]{subsection.3.7.2}{Estimation}{section.3.7}% 40
\BOOKMARK [2][-]{subsection.3.7.3}{Prediction}{section.3.7}% 41
\BOOKMARK [1][-]{section.3.8}{Machine learning: random forest}{chapter.3}% 42
\BOOKMARK [2][-]{subsection.3.8.1}{Formulation}{section.3.8}% 43
\BOOKMARK [2][-]{subsection.3.8.2}{Estimation}{section.3.8}% 44
\BOOKMARK [2][-]{subsection.3.8.3}{Prediction}{section.3.8}% 45
\BOOKMARK [2][-]{subsection.3.8.4}{Application}{section.3.8}% 46
\BOOKMARK [1][-]{section.3.9}{Machine learning: boosting}{chapter.3}% 47
\BOOKMARK [2][-]{subsection.3.9.1}{Formulation}{section.3.9}% 48
\BOOKMARK [2][-]{subsection.3.9.2}{Estimation}{section.3.9}% 49
\BOOKMARK [2][-]{subsection.3.9.3}{Prediction}{section.3.9}% 50
\BOOKMARK [0][-]{chapter.4}{The nowcasting exercise}{}% 51
\BOOKMARK [1][-]{section.4.1}{Predictive setting}{chapter.4}% 52
\BOOKMARK [1][-]{section.4.2}{Model specifications}{chapter.4}% 53
\BOOKMARK [1][-]{section.4.3}{Nowcasting GDP}{chapter.4}% 54
\BOOKMARK [1][-]{section.4.4}{Nowcasting monthly features}{chapter.4}% 55
\BOOKMARK [1][-]{section.4.5}{Future developments}{chapter.4}% 56
\BOOKMARK [0][-]{chapter*.32}{References}{}% 57
\BOOKMARK [0][-]{Appendix*.33}{Appendix }{}% 58
\BOOKMARK [1][-]{section.1..1}{Now-casting.com report}{Appendix*.33}% 59
\BOOKMARK [1][-]{section.1..2}{Transformations and sources of the monthly features}{Appendix*.33}% 60
\BOOKMARK [1][-]{section.1..3}{The Kalman filter and the Carter-Kohn algorithm}{Appendix*.33}% 61
\BOOKMARK [2][-]{subsection.1..3.1}{The Kalman filter}{section.1..3}% 62
\BOOKMARK [2][-]{subsection.1..3.2}{The Carter-Kohn algorithm}{section.1..3}% 63
